[INFO] Scanning for projects...
[INFO] 
[INFO] -----------------< com.github.rpgleparser:rpgleparser >-----------------
[INFO] Building rpgleparser 1.0.0
[INFO] --------------------------------[ jar ]---------------------------------
[INFO] 
[INFO] --- antlr4-maven-plugin:4.6:antlr4 (default) @ rpgleparser ---
[INFO] No grammars to process
[INFO] ANTLR 4: Processing source directory C:\projects\rpgleparser\src\main\antlr4
[INFO] 
[INFO] --- maven-resources-plugin:2.6:resources (default-resources) @ rpgleparser ---
[INFO] Using 'UTF-8' encoding to copy filtered resources.
[INFO] skip non existing resourceDirectory C:\projects\rpgleparser\src\main\resources
[INFO] 
[INFO] --- maven-compiler-plugin:3.1:compile (default-compile) @ rpgleparser ---
[INFO] Nothing to compile - all classes are up to date
[INFO] 
[INFO] --- maven-resources-plugin:2.6:testResources (default-testResources) @ rpgleparser ---
[INFO] Using 'UTF-8' encoding to copy filtered resources.
[INFO] Copying 527 resources
[INFO] 
[INFO] --- maven-compiler-plugin:3.1:testCompile (default-testCompile) @ rpgleparser ---
[INFO] Nothing to compile - all classes are up to date
[INFO] 
[INFO] --- maven-surefire-plugin:2.20:test (default-test) @ rpgleparser ---
[INFO] 
[INFO] -------------------------------------------------------
[INFO]  T E S T S
[INFO] -------------------------------------------------------
[INFO] Running org.rpgleparser.integration.TestFiles
C_FREE_NEWLINE
C_FREE_NEWLINE
C_FREE_NEWLINE
C_FREE_NEWLINE
FREE_Start_ID
FREE_SEMI
FREE_Start_ID
FREE_SEMI
FREE_Start_ID
FREE_SEMI
FREE_Start_ID
FREE_SEMI
EMPTY_NEWLINE
C_FREE_NEWLINE
C_FREE_NEWLINE
C_FREE_NEWLINE
C_FREE_NEWLINE
FREE_Start_ID
FREE_SEMI
FREE_Start_ID
FREE_SEMI
FREE_Start_ID
FREE_SEMI
FREE_Start_ID
FREE_SEMI
EMPTY_NEWLINE
D_FREE_NEWLINE
C_FREE_NEWLINE
FREE_Start_ID
FREE_SEMI
FREE_SEMI
FREE_Start_ID
FREE_SEMI
FREE_SEMI
FREE_Start_ID
FREE_SEMI
EMPTY_NEWLINE
D_FREE_NEWLINE
C_FREE_NEWLINE
FREE_Start_ID
FREE_SEMI
FREE_SEMI
FREE_Start_ID
FREE_SEMI
FREE_SEMI
FREE_Start_ID
FREE_SEMI
EMPTY_NEWLINE
C_FREE_NEWLINE
C_FREE_NEWLINE
C_FREE_NEWLINE
C_FREE_NEWLINE
FREE_Start_ID
FREE_SEMI
FREE_Start_ID
FREE_SEMI
FREE_Start_ID
FREE_SEMI
FREE_Start_ID
FREE_SEMI
EMPTY_NEWLINE
C_FREE_NEWLINE
C_FREE_NEWLINE
C_FREE_NEWLINE
C_FREE_NEWLINE
FREE_Start_ID
FREE_SEMI
FREE_Start_ID
FREE_SEMI
FREE_Start_ID
FREE_SEMI
FREE_Start_ID
FREE_SEMI
EMPTY_NEWLINE
C_FREE_NEWLINE
C_FREE_NEWLINE
C_FREE_NEWLINE
C_FREE_NEWLINE
FREE_Start_ID
FREE_SEMI
FREE_Start_ID
FREE_SEMI
FREE_Start_ID
FREE_SEMI
FREE_Start_ID
FREE_SEMI
EMPTY_NEWLINE
C_FREE_NEWLINE
C_FREE_NEWLINE
C_FREE_NEWLINE
C_FREE_NEWLINE
FREE_Start_ID
FREE_SEMI
FREE_Start_ID
FREE_SEMI
FREE_Start_ID
FREE_SEMI
FREE_Start_ID
FREE_SEMI
EMPTY_NEWLINE
D_FREE_NEWLINE
C_FREE_NEWLINE
C_FREE_NEWLINE
C_FREE_NEWLINE
C_FREE_NEWLINE
FREE_Start_ID
FREE_SEMI
FREE_Start_ID
FREE_SEMI
FREE_Start_ID
FREE_SEMI
FREE_Start_ID
FREE_SEMI
EMPTY_NEWLINE
D_FREE_NEWLINE
C_FREE_NEWLINE
C_FREE_NEWLINE
C_FREE_NEWLINE
C_FREE_NEWLINE
FREE_Start_ID
FREE_SEMI
FREE_Start_ID
FREE_SEMI
FREE_Start_ID
FREE_SEMI
FREE_Start_ID
FREE_SEMI
EMPTY_NEWLINE
C_FREE_NEWLINE
C_FREE_NEWLINE
C_FREE_NEWLINE
C_FREE_NEWLINE
FREE_Start_ID
FREE_SEMI
FREE_Start_ID
FREE_SEMI
FREE_Start_ID
FREE_SEMI
FREE_Start_ID
FREE_SEMI
EMPTY_NEWLINE
C_FREE_NEWLINE
C_FREE_NEWLINE
C_FREE_NEWLINE
C_FREE_NEWLINE
FREE_Start_ID
FREE_SEMI
FREE_Start_ID
FREE_SEMI
FREE_Start_ID
FREE_SEMI
FREE_Start_ID
FREE_SEMI
EMPTY_NEWLINE
C_FREE_NEWLINE
C_FREE_NEWLINE
C_FREE_NEWLINE
C_FREE_NEWLINE
FREE_Start_ID
FREE_SEMI
FREE_Start_ID
FREE_SEMI
FREE_Start_ID
FREE_SEMI
FREE_Start_ID
FREE_SEMI
EMPTY_NEWLINE
C_FREE_NEWLINE
C_FREE_NEWLINE
C_FREE_NEWLINE
C_FREE_NEWLINE
FREE_Start_ID
FREE_SEMI
FREE_Start_ID
FREE_SEMI
FREE_Start_ID
FREE_SEMI
FREE_Start_ID
FREE_SEMI
EMPTY_NEWLINE
C_FREE_NEWLINE
C_FREE_NEWLINE
C_FREE_NEWLINE
C_FREE_NEWLINE
C_FREE_NEWLINE
FREE_Start_ID
FREE_SEMI
FREE_Start_ID
FREE_SEMI
FREE_Start_ID
FREE_SEMI
FREE_Start_ID
FREE_SEMI
FREE_Start_ID
FREE_SEMI
EMPTY_NEWLINE
C_FREE_NEWLINE
C_FREE_NEWLINE
C_FREE_NEWLINE
C_FREE_NEWLINE
C_FREE_NEWLINE
FREE_Start_ID
FREE_SEMI
FREE_Start_ID
FREE_SEMI
FREE_Start_ID
FREE_SEMI
FREE_Start_ID
FREE_SEMI
FREE_Start_ID
FREE_SEMI
EMPTY_NEWLINE
C_FREE_NEWLINE
C_FREE_NEWLINE
C_FREE_NEWLINE
C_FREE_NEWLINE
FREE_Start_ID
FREE_SEMI
FREE_Start_ID
FREE_SEMI
FREE_Start_ID
FREE_SEMI
FREE_Start_ID
FREE_SEMI
EMPTY_NEWLINE
C_FREE_NEWLINE
C_FREE_NEWLINE
C_FREE_NEWLINE
C_FREE_NEWLINE
FREE_Start_ID
FREE_SEMI
FREE_Start_ID
FREE_SEMI
FREE_Start_ID
FREE_SEMI
FREE_Start_ID
FREE_SEMI
EMPTY_NEWLINE
C_FREE_NEWLINE
C_FREE_NEWLINE
C_FREE_NEWLINE
C_FREE_NEWLINE
FREE_Start_ID
FREE_SEMI
FREE_Start_ID
FREE_SEMI
FREE_Start_ID
FREE_SEMI
FREE_Start_ID
FREE_SEMI
EMPTY_NEWLINE
C_FREE_NEWLINE
C_FREE_NEWLINE
C_FREE_NEWLINE
C_FREE_NEWLINE
FREE_Start_ID
FREE_SEMI
FREE_Start_ID
FREE_SEMI
FREE_Start_ID
FREE_SEMI
FREE_Start_ID
FREE_SEMI
EMPTY_NEWLINE
C_FREE_NEWLINE
FREE_Start_ID
FREE_SEMI
EMPTY_NEWLINE
C_FREE_NEWLINE
FREE_Start_ID
FREE_SEMI
EMPTY_NEWLINE
C_FREE_NEWLINE
C_FREE_NEWLINE
C_FREE_NEWLINE
EMPTY_NEWLINE
C_FREE_NEWLINE
C_FREE_NEWLINE
C_FREE_NEWLINE
EMPTY_NEWLINE
C_FREE_NEWLINE
C_FREE_NEWLINE
C_FREE_NEWLINE
FREE_Start_ID
FREE_SEMI
FREE_Start_ID
FREE_SEMI
FREE_Start_ID
FREE_SEMI
EMPTY_NEWLINE
C_FREE_NEWLINE
C_FREE_NEWLINE
C_FREE_NEWLINE
FREE_Start_ID
FREE_SEMI
FREE_Start_ID
FREE_SEMI
FREE_Start_ID
FREE_SEMI
EMPTY_NEWLINE
C_FREE_NEWLINE
C_FREE_NEWLINE
C_FREE_NEWLINE
C_FREE_NEWLINE
C_FREE_NEWLINE
C_FREE_NEWLINE
C_FREE_NEWLINE
C_FREE_NEWLINE
C_FREE_NEWLINE
C_FREE_NEWLINE
C_FREE_NEWLINE
C_FREE_NEWLINE
D_FREE_NEWLINE
D_FREE_NEWLINE
D_FREE_NEWLINE
D_FREE_NEWLINE
FREE_SEMI
FREE_Start_ID
FREE_SEMI
FREE_Start_ID
FREE_SEMI
FREE_SEMI
FREE_SEMI
FREE_Start_ID
FREE_SEMI
FREE_Start_ID
FREE_SEMI
FREE_SEMI
EMPTY_NEWLINE
EMPTY_NEWLINE
C_FREE_NEWLINE
C_FREE_NEWLINE
C_FREE_NEWLINE
C_FREE_NEWLINE
FREE_NEWLINE
FREE_SEMI
FREE_SEMI
FREE_NEWLINE
FREE_SEMI
FREE_SEMI
FREE_Start_ID
FREE_COMMENTS
FREE_SEMI
FREE_Start_ID
FREE_COMMENTS
FREE_SEMI
D_FREE_NEWLINE
D_FREE_NEWLINE
EMPTY_NEWLINE
D_FREE_NEWLINE
D_FREE_NEWLINE
EMPTY_NEWLINE
EMPTY_NEWLINE
D_FREE_NEWLINE
D_FREE_NEWLINE
EMPTY_NEWLINE
D_FREE_NEWLINE
D_FREE_NEWLINE
EMPTY_NEWLINE
EMPTY_NEWLINE
FREE_SEMI
FREE_Start_ID
FREE_SEMI
FREE_SEMI
FREE_COMMENTS
FREE_SEMI
FREE_SEMI
FREE_SEMI
FREE_SEMI
FREE_SEMI
FREE_Start_ID
FREE_SEMI
FREE_SEMI
FREE_COMMENTS
FREE_SEMI
FREE_SEMI
FREE_SEMI
FREE_SEMI
EMPTY_NEWLINE
D_FREE_NEWLINE
D_FREE_NEWLINE
EMPTY_NEWLINE
D_FREE_NEWLINE
EMPTY_NEWLINE
C_FREE_NEWLINE
EMPTY_NEWLINE
D_FREE_NEWLINE
D_FREE_NEWLINE
EMPTY_NEWLINE
D_FREE_NEWLINE
EMPTY_NEWLINE
C_FREE_NEWLINE
C_FREE_NEWLINE
C_FREE_NEWLINE
C_FREE_NEWLINE
C_FREE_NEWLINE
C_FREE_NEWLINE
FREE_SEMI
C_FREE_NEWLINE
FREE_SEMI
C_FREE_NEWLINE
C_FREE_NEWLINE
D_FREE_NEWLINE
D_FREE_NEWLINE
D_FREE_NEWLINE
D_FREE_NEWLINE
D_FREE_NEWLINE
D_FREE_NEWLINE
D_FREE_NEWLINE
D_FREE_NEWLINE
D_FREE_NEWLINE
D_FREE_NEWLINE
D_FREE_NEWLINE
D_FREE_NEWLINE
D_FREE_NEWLINE
D_FREE_NEWLINE
D_FREE_NEWLINE
D_FREE_NEWLINE
D_FREE_NEWLINE
D_FREE_NEWLINE
D_FREE_NEWLINE
EMPTY_NEWLINE
C_FREE_NEWLINE
EMPTY_NEWLINE
C_FREE_NEWLINE
D_FREE_NEWLINE
D_FREE_NEWLINE
D_FREE_NEWLINE
EMPTY_NEWLINE
C_FREE_NEWLINE
EMPTY_NEWLINE
C_FREE_NEWLINE
F_FREE_NEWLINE
F_FREE_NEWLINE
D_FREE_NEWLINE
D_FREE_NEWLINE
D_FREE_NEWLINE
D_FREE_NEWLINE
D_FREE_NEWLINE
D_FREE_NEWLINE
C_FREE_NEWLINE
C_FREE_NEWLINE
C_FREE_NEWLINE
C_FREE_NEWLINE
C_FREE_NEWLINE
C_FREE_NEWLINE
FREE_Start_ID
FREE_NEWLINE
FREE_SEMI
FREE_Start_ID
FREE_NEWLINE
FREE_SEMI
O_FREE_NEWLINE
O_FREE_NEWLINE
D_FREE_NEWLINE
D_FREE_NEWLINE
D_FREE_NEWLINE
D_FREE_NEWLINE
D_FREE_NEWLINE
D_FREE_NEWLINE
D_FREE_NEWLINE
D_FREE_NEWLINE
D_FREE_NEWLINE
D_FREE_NEWLINE
D_FREE_NEWLINE
D_FREE_NEWLINE
D_FREE_NEWLINE
D_FREE_NEWLINE
D_FREE_NEWLINE
D_FREE_NEWLINE
FREE_SEMI
EMPTY_NEWLINE
FREE_Start_ID
FREE_NEWLINE
FREE_SEMI
FREE_Start_ID
FREE_NEWLINE
FREE_SEMI
FREE_Start_ID
FREE_SEMI
EMPTY_NEWLINE
FREE_Start_ID
FREE_NEWLINE
FREE_SEMI
EMPTY_NEWLINE
FREE_Start_ID
FREE_NEWLINE
FREE_SEMI
FREE_SEMI
FREE_SEMI
EMPTY_NEWLINE
FREE_Start_ID
FREE_NEWLINE
FREE_SEMI
FREE_Start_ID
FREE_NEWLINE
FREE_SEMI
FREE_Start_ID
FREE_SEMI
EMPTY_NEWLINE
FREE_Start_ID
FREE_NEWLINE
FREE_SEMI
EMPTY_NEWLINE
FREE_Start_ID
FREE_NEWLINE
FREE_SEMI
FREE_SEMI
C_FREE_NEWLINE
C_FREE_NEWLINE
D_FREE_NEWLINE
D_FREE_NEWLINE
FREE_SEMI
EMPTY_NEWLINE
EMPTY_NEWLINE
FREE_SEMI
EMPTY_NEWLINE
EMPTY_NEWLINE
EMPTY_NEWLINE
FREE_NEWLINE
FREE_SEMI
EMPTY_NEWLINE
FREE_SEMI
FREE_SEMI
EMPTY_NEWLINE
EMPTY_NEWLINE
FREE_SEMI
EMPTY_NEWLINE
EMPTY_NEWLINE
EMPTY_NEWLINE
FREE_NEWLINE
FREE_SEMI
EMPTY_NEWLINE
FREE_SEMI
FREE_NEWLINE
FREE_NEWLINE
FREE_SEMI
FREE_SEMI
FREE_SEMI
FREE_NEWLINE
FREE_NEWLINE
FREE_SEMI
FREE_SEMI
FREE_SEMI
D_FREE_NEWLINE
D_FREE_NEWLINE
EMPTY_NEWLINE
FREE_SEMI
FREE_SEMI
D_FREE_NEWLINE
D_FREE_NEWLINE
EMPTY_NEWLINE
FREE_SEMI
FREE_SEMI
D_FREE_NEWLINE
D_FREE_NEWLINE
D_FREE_NEWLINE
D_FREE_NEWLINE
FREE_SEMI
FREE_Start_ID
FREE_SEMI
FREE_Start_ID
FREE_SEMI
FREE_Start_ID
FREE_SEMI
FREE_SEMI
EMPTY_NEWLINE
FREE_SEMI
FREE_SEMI
FREE_Start_ID
FREE_SEMI
FREE_SEMI
EMPTY_NEWLINE
FREE_SEMI
FREE_Start_ID
FREE_SEMI
FREE_SEMI
FREE_SEMI
FREE_Start_ID
FREE_SEMI
FREE_Start_ID
FREE_SEMI
FREE_Start_ID
FREE_SEMI
FREE_SEMI
EMPTY_NEWLINE
FREE_SEMI
FREE_SEMI
FREE_Start_ID
FREE_SEMI
FREE_SEMI
EMPTY_NEWLINE
FREE_SEMI
FREE_Start_ID
FREE_SEMI
FREE_SEMI
FREE_SEMI
FREE_Start_ID
FREE_SEMI
FREE_SEMI
FREE_SEMI
FREE_SEMI
FREE_Start_ID
FREE_SEMI
FREE_SEMI
FREE_SEMI
D_FREE_NEWLINE
D_FREE_NEWLINE
D_FREE_NEWLINE
D_FREE_NEWLINE
D_FREE_NEWLINE
D_FREE_NEWLINE
D_FREE_NEWLINE
D_FREE_NEWLINE
D_FREE_NEWLINE
D_FREE_NEWLINE
D_FREE_NEWLINE
FREE_SEMI
D_FREE_NEWLINE
FREE_SEMI
FREE_SEMI
EMPTY_NEWLINE
FREE_SEMI
FREE_SEMI
FREE_SEMI
FREE_SEMI
EMPTY_NEWLINE
FREE_SEMI
FREE_SEMI
FREE_SEMI
D_FREE_NEWLINE
D_FREE_NEWLINE
D_FREE_NEWLINE
D_FREE_NEWLINE
D_FREE_NEWLINE
EMPTY_NEWLINE
FREE_SEMI
FREE_Start_ID
FREE_SEMI
FREE_Start_ID
FREE_SEMI
FREE_Start_ID
FREE_SEMI
FREE_Start_ID
FREE_SEMI
FREE_SEMI
D_FREE_NEWLINE
D_FREE_NEWLINE
D_FREE_NEWLINE
D_FREE_NEWLINE
D_FREE_NEWLINE
EMPTY_NEWLINE
FREE_SEMI
FREE_Start_ID
FREE_SEMI
FREE_Start_ID
FREE_SEMI
FREE_Start_ID
FREE_SEMI
FREE_Start_ID
FREE_SEMI
FREE_SEMI
FREE_SEMI
FREE_SEMI
FREE_Start_ID
FREE_SEMI
FREE_SEMI
FREE_SEMI
FREE_SEMI
FREE_Start_ID
FREE_SEMI
FREE_SEMI
F_FREE_NEWLINE
D_FREE_NEWLINE
F_FREE_NEWLINE
D_FREE_NEWLINE
FREE_SEMI
FREE_SEMI
FREE_SEMI
FREE_SEMI
FREE_SEMI
FREE_SEMI
F_FREE_NEWLINE
FREE_SEMI
FREE_SEMI
F_FREE_NEWLINE
F_FREE_NEWLINE
F_FREE_NEWLINE
F_FREE_NEWLINE
F_FREE_NEWLINE
FREE_SEMI
FREE_SEMI
FREE_SEMI
FREE_SEMI
FREE_SEMI
FREE_SEMI
FREE_SEMI
FREE_SEMI
FREE_SEMI
FREE_SEMI
F_FREE_NEWLINE
FREE_SEMI
EMPTY_NEWLINE
F_FREE_NEWLINE
FREE_SEMI
FREE_SEMI
EMPTY_NEWLINE
F_FREE_NEWLINE
F_FREE_NEWLINE
FREE_SEMI
EMPTY_NEWLINE
F_FREE_NEWLINE
FREE_SEMI
FREE_SEMI
EMPTY_NEWLINE
F_FREE_NEWLINE
F_FREE_NEWLINE
F_FREE_NEWLINE
F_FREE_NEWLINE
F_FREE_NEWLINE
F_FREE_NEWLINE
F_FREE_NEWLINE
F_FREE_NEWLINE
F_FREE_NEWLINE
F_FREE_NEWLINE
F_FREE_NEWLINE
F_FREE_NEWLINE
F_FREE_NEWLINE
FREE_SEMI
FREE_SEMI
FREE_SEMI
FREE_Start_ID
FREE_SEMI
FREE_Start_ID
FREE_SEMI
FREE_SEMI
FREE_SEMI
FREE_SEMI
FREE_Start_ID
FREE_SEMI
FREE_Start_ID
FREE_SEMI
FREE_SEMI
FREE_SEMI
D_FREE_NEWLINE
D_FREE_NEWLINE
D_FREE_NEWLINE
D_FREE_NEWLINE
D_FREE_NEWLINE
D_FREE_NEWLINE
D_FREE_NEWLINE
D_FREE_NEWLINE
D_FREE_NEWLINE
D_FREE_NEWLINE
D_FREE_NEWLINE
D_FREE_NEWLINE
D_FREE_NEWLINE
D_FREE_NEWLINE
D_FREE_NEWLINE
D_FREE_NEWLINE
D_FREE_NEWLINE
D_FREE_NEWLINE
D_FREE_NEWLINE
D_FREE_NEWLINE
D_FREE_NEWLINE
D_FREE_NEWLINE
D_FREE_NEWLINE
D_FREE_NEWLINE
D_FREE_NEWLINE
D_FREE_NEWLINE
D_FREE_NEWLINE
D_FREE_NEWLINE
FREE_SEMI
FREE_Start_ID
FREE_SEMI
FREE_Start_ID
FREE_SEMI
FREE_Start_ID
FREE_SEMI
FREE_Start_ID
FREE_SEMI
FREE_Start_ID
FREE_SEMI
FREE_Start_ID
FREE_SEMI
FREE_Start_ID
FREE_SEMI
FREE_Start_ID
FREE_SEMI
FREE_Start_ID
FREE_SEMI
FREE_SEMI
FREE_SEMI
FREE_Start_ID
FREE_SEMI
FREE_Start_ID
FREE_SEMI
FREE_Start_ID
FREE_SEMI
FREE_Start_ID
FREE_SEMI
FREE_Start_ID
FREE_SEMI
FREE_Start_ID
FREE_SEMI
FREE_Start_ID
FREE_SEMI
FREE_Start_ID
FREE_SEMI
FREE_Start_ID
FREE_SEMI
FREE_SEMI
D_FREE_NEWLINE
D_FREE_NEWLINE
D_FREE_NEWLINE
D_FREE_NEWLINE
D_FREE_NEWLINE
D_FREE_NEWLINE
D_FREE_NEWLINE
D_FREE_NEWLINE
D_FREE_NEWLINE
D_FREE_NEWLINE
FREE_SEMI
FREE_Start_ID
FREE_SEMI
FREE_Start_ID
FREE_SEMI
FREE_SEMI
FREE_SEMI
FREE_SEMI
FREE_Start_ID
FREE_SEMI
FREE_Start_ID
FREE_SEMI
FREE_SEMI
FREE_SEMI
FREE_SEMI
FREE_Start_ID
FREE_SEMI
FREE_Start_NoSpace
FREE_SEMI
FREE_Start_NoSpace
FREE_SEMI
FREE_SEMI
FREE_SEMI
FREE_Start_ID
FREE_SEMI
FREE_Start_NoSpace
FREE_SEMI
FREE_Start_NoSpace
FREE_SEMI
FREE_SEMI
D_FREE_NEWLINE
D_FREE_NEWLINE
D_FREE_NEWLINE
D_FREE_NEWLINE
D_FREE_NEWLINE
D_FREE_NEWLINE
D_FREE_NEWLINE
D_FREE_NEWLINE
D_FREE_NEWLINE
D_FREE_NEWLINE
D_FREE_NEWLINE
D_FREE_NEWLINE
D_FREE_NEWLINE
D_FREE_NEWLINE
D_FREE_NEWLINE
D_FREE_NEWLINE
D_FREE_NEWLINE
D_FREE_NEWLINE
D_FREE_NEWLINE
D_FREE_NEWLINE
D_FREE_NEWLINE
D_FREE_NEWLINE
D_FREE_NEWLINE
D_FREE_NEWLINE
D_FREE_NEWLINE
D_FREE_NEWLINE
D_FREE_NEWLINE
D_FREE_NEWLINE
D_FREE_NEWLINE
D_FREE_NEWLINE
D_FREE_NEWLINE
D_FREE_NEWLINE
D_FREE_NEWLINE
D_FREE_NEWLINE
D_FREE_NEWLINE
D_FREE_NEWLINE
D_FREE_NEWLINE
D_FREE_NEWLINE
D_FREE_NEWLINE
D_FREE_NEWLINE
D_FREE_NEWLINE
EMPTY_NEWLINE
FREE_SEMI
D_FREE_NEWLINE
EMPTY_NEWLINE
FREE_SEMI
D_FREE_NEWLINE
EMPTY_NEWLINE
FREE_SEMI
FREE_SEMI
FREE_SEMI
D_FREE_NEWLINE
EMPTY_NEWLINE
FREE_SEMI
FREE_SEMI
FREE_SEMI
D_FREE_NEWLINE
FREE_SEMI
EMPTY_NEWLINE
D_FREE_NEWLINE
FREE_SEMI
FREE_SEMI
FREE_SEMI
FREE_SEMI
D_FREE_NEWLINE
FREE_SEMI
EMPTY_NEWLINE
D_FREE_NEWLINE
FREE_SEMI
FREE_SEMI
FREE_SEMI
FREE_SEMI
FREE_SEMI
FREE_SEMI
FREE_SEMI
FREE_SEMI
FREE_SEMI
FREE_SEMI
FREE_SEMI
FREE_SEMI
FREE_SEMI
FREE_SEMI
D_FREE_NEWLINE
EMPTY_NEWLINE
FREE_SEMI
D_FREE_NEWLINE
EMPTY_NEWLINE
FREE_SEMI
D_FREE_NEWLINE
D_FREE_NEWLINE
D_FREE_NEWLINE
D_FREE_NEWLINE
EMPTY_NEWLINE
FREE_SEMI
FREE_SEMI
FREE_SEMI
FREE_SEMI
FREE_SEMI
D_FREE_NEWLINE
D_FREE_NEWLINE
D_FREE_NEWLINE
D_FREE_NEWLINE
EMPTY_NEWLINE
FREE_SEMI
FREE_SEMI
FREE_SEMI
FREE_SEMI
FREE_SEMI
FREE_SEMI
FREE_SEMI
FREE_SEMI
FREE_SEMI
D_FREE_NEWLINE
EMPTY_NEWLINE
FREE_SEMI
D_FREE_NEWLINE
EMPTY_NEWLINE
FREE_SEMI
D_FREE_NEWLINE
FREE_SEMI
EMPTY_NEWLINE
D_FREE_NEWLINE
FREE_SEMI
EMPTY_NEWLINE
D_FREE_NEWLINE
FREE_SEMI
D_FREE_NEWLINE
FREE_SEMI
EMPTY_NEWLINE
D_FREE_NEWLINE
FREE_SEMI
EMPTY_NEWLINE
D_FREE_NEWLINE
FREE_SEMI
FREE_SEMI
FREE_SEMI
FREE_SEMI
FREE_SEMI
FREE_SEMI
FREE_SEMI
FREE_SEMI
FREE_SEMI
FREE_SEMI
FREE_SEMI
FREE_SEMI
FREE_SEMI
FREE_SEMI
FREE_SEMI
FREE_SEMI
EMPTY_NEWLINE
FREE_SEMI
FREE_SEMI
EMPTY_NEWLINE
FREE_SEMI
D_FREE_NEWLINE
D_FREE_NEWLINE
D_FREE_NEWLINE
D_FREE_NEWLINE
FREE_SEMI
FREE_SEMI
FREE_SEMI
FREE_SEMI
FREE_SEMI
FREE_SEMI
FREE_SEMI
FREE_SEMI
D_FREE_NEWLINE
FREE_SEMI
EMPTY_NEWLINE
D_FREE_NEWLINE
FREE_SEMI
FREE_SEMI
FREE_SEMI
D_FREE_NEWLINE
FREE_SEMI
EMPTY_NEWLINE
D_FREE_NEWLINE
FREE_SEMI
FREE_SEMI
FREE_SEMI
D_FREE_NEWLINE
EMPTY_NEWLINE
FREE_SEMI
FREE_SEMI
FREE_SEMI
D_FREE_NEWLINE
EMPTY_NEWLINE
FREE_SEMI
FREE_SEMI
FREE_SEMI
D_FREE_NEWLINE
D_FREE_NEWLINE
D_FREE_NEWLINE
EMPTY_NEWLINE
FREE_SEMI
D_FREE_NEWLINE
EMPTY_NEWLINE
FREE_SEMI
D_FREE_NEWLINE
FREE_SEMI
EMPTY_NEWLINE
D_FREE_NEWLINE
FREE_SEMI
EMPTY_NEWLINE
D_FREE_NEWLINE
FREE_SEMI
D_FREE_NEWLINE
FREE_SEMI
EMPTY_NEWLINE
D_FREE_NEWLINE
FREE_SEMI
EMPTY_NEWLINE
D_FREE_NEWLINE
FREE_SEMI
FREE_SEMI
FREE_SEMI
FREE_SEMI
FREE_SEMI
D_FREE_NEWLINE
FREE_SEMI
FREE_SEMI
FREE_SEMI
D_FREE_NEWLINE
FREE_SEMI
FREE_SEMI
FREE_SEMI
D_FREE_NEWLINE
D_FREE_NEWLINE
D_FREE_NEWLINE
D_FREE_NEWLINE
D_FREE_NEWLINE
D_FREE_NEWLINE
D_FREE_NEWLINE
D_FREE_NEWLINE
/*===TOKENS===*/
HIDDEN:DIRECTIVE         <C/>
HIDDEN:DIR_COPY          <COPY>
HIDDEN:DIR_OtherText     <MBR1>
DIRECTIVE                <I/>
DIR_INCLUDE              <INCLUDE>
DIR_OtherText            <SRCFIL>
DIR_OtherText            <MBR2>
DIR_OtherText            <Comments>
DIR_OtherText            <here>
EOL                      <>
HIDDEN:DIRECTIVE         <O/>
HIDDEN:DIR_COPY          <COPY>
HIDDEN:DIR_OtherText     <SRCLIB>
HIDDEN:DIR_Slash         </>
HIDDEN:DIR_OtherText     <SRCFIL>
HIDDEN:DIR_Comma         <,>
HIDDEN:DIR_OtherText     <MBR3>
DIRECTIVE                <O/>
DIR_INCLUDE              <INCLUDE>
StringLiteralStart       <">
StringContent            <SRCLIB!>
StringLiteralEnd         <">
DIR_Slash                </>
StringLiteralStart       <">
StringContent            <SRC>3>
StringLiteralEnd         <">
StringLiteralStart       <">
StringContent            <MBR¬3>
StringLiteralEnd         <">
EOL                      <>
HIDDEN:DIRECTIVE         <O/>
HIDDEN:DIR_COPY          <COPY>
HIDDEN:DIR_Slash         </>
HIDDEN:DIR_OtherText     <dir1>
HIDDEN:DIR_Slash         </>
HIDDEN:DIR_OtherText     <dir2>
HIDDEN:DIR_Slash         </>
HIDDEN:DIR_OtherText     <file.rpg>
HIDDEN:DIRECTIVE         <O/>
HIDDEN:DIR_COPY          <COPY>
HIDDEN:DIR_Slash         </>
HIDDEN:DIR_OtherText     <dir1>
HIDDEN:DIR_Slash         </>
HIDDEN:DIR_OtherText     <dir2>
HIDDEN:DIR_Slash         </>
HIDDEN:DIR_OtherText     <file>
HIDDEN:DIRECTIVE         <O/>
HIDDEN:DIR_COPY          <COPY>
HIDDEN:DIR_OtherText     <dir1>
HIDDEN:DIR_Slash         </>
HIDDEN:DIR_OtherText     <dir2>
HIDDEN:DIR_Slash         </>
HIDDEN:DIR_OtherText     <file.rpg>
HIDDEN:DIRECTIVE         <O/>
HIDDEN:DIR_COPY          <COPY>
HIDDEN:StringLiteralStart<">
HIDDEN:StringContent     <ifs file containing blanks>
HIDDEN:StringLiteralEnd  <">
HIDDEN:DIRECTIVE         <O/>
HIDDEN:DIR_COPY          <COPY>
HIDDEN:StringLiteralStart<'>
HIDDEN:StringContent     <ifs file containing blanks>
HIDDEN:StringLiteralEnd  <'>

/*===TREE===*/
(r
  (statement (directive I/ (dir_include INCLUDE SRCFIL MBR2 Comments here) ))
  (statement
    (directive
      O/
      (dir_include
        INCLUDE
        (copyText " SRCLIB! ")
        /
        (copyText " SRC>3 ")
        (copyText " MBR¬3 ")
      )
      
    )
  )
)
/*======*/
D_FREE_NEWLINE
D_FREE_NEWLINE
D_FREE_NEWLINE
D_FREE_NEWLINE
D_FREE_NEWLINE
D_FREE_NEWLINE
D_FREE_NEWLINE
D_FREE_NEWLINE
D_FREE_NEWLINE
D_FREE_NEWLINE
D_FREE_NEWLINE
D_FREE_NEWLINE
C_FREE_NEWLINE
C_FREE_NEWLINE
FREE_Start_ID
FREE_SEMI
FREE_Start_ID
FREE_SEMI
FREE_Start_ID
FREE_SEMI
FREE_Start_ID
FREE_SEMI
FREE_Start_ID
FREE_SEMI
FREE_Start_ID
FREE_SEMI
C_FREE_NEWLINE
EMPTY_NEWLINE
C_FREE_NEWLINE
EMPTY_NEWLINE
C_FREE_NEWLINE
EMPTY_NEWLINE
C_FREE_NEWLINE
EMPTY_NEWLINE
FREE_Start_ID
FREE_SEMI
FREE_Start_ID
FREE_SEMI
C_FREE_NEWLINE
C_FREE_NEWLINE
C_FREE_NEWLINE
C_FREE_NEWLINE
C_FREE_NEWLINE
C_FREE_NEWLINE
EMPTY_NEWLINE
FREE_Start_ID
FREE_SEMI
EMPTY_NEWLINE
C_FREE_NEWLINE
C_FREE_NEWLINE
EMPTY_NEWLINE
FREE_Start_ID
FREE_SEMI
EMPTY_NEWLINE
C_FREE_NEWLINE
C_FREE_NEWLINE
C_FREE_NEWLINE
C_FREE_NEWLINE
C_FREE_NEWLINE
EMPTY_NEWLINE
C_FREE_NEWLINE
EMPTY_NEWLINE
EMPTY_NEWLINE
C_FREE_NEWLINE
C_FREE_NEWLINE
C_FREE_NEWLINE
C_FREE_NEWLINE
C_FREE_NEWLINE
EMPTY_NEWLINE
C_FREE_NEWLINE
C_FREE_NEWLINE
C_FREE_NEWLINE
C_FREE_NEWLINE
C_FREE_NEWLINE
FREE_NEWLINE
FREE_SEMI
C_FREE_NEWLINE
FREE_SEMI
FREE_NEWLINE
FREE_SEMI
C_FREE_NEWLINE
FREE_SEMI
EMPTY_NEWLINE
FREE_SEMI
C_FREE_NEWLINE
FREE_SEMI
C_FREE_NEWLINE
FREE_SEMI
EMPTY_NEWLINE
FREE_SEMI
C_FREE_NEWLINE
FREE_SEMI
C_FREE_NEWLINE
FREE_SEMI
C_FREE_NEWLINE
C_FREE_NEWLINE
C_FREE_NEWLINE
C_FREE_NEWLINE
C_FREE_NEWLINE
C_FREE_NEWLINE
C_FREE_NEWLINE
C_FREE_NEWLINE
C_FREE_NEWLINE
C_FREE_NEWLINE
C_FREE_NEWLINE
C_FREE_NEWLINE
FREE_Start_ID
FREE_SEMI
FREE_SEMI
FREE_NEWLINE
FREE_SEMI
FREE_SEMI
FREE_SEMI
FREE_SEMI
FREE_SEMI
FREE_Start_ID
FREE_SEMI
FREE_SEMI
FREE_SEMI
FREE_SEMI
FREE_SEMI
FREE_SEMI
FREE_Start_ID
FREE_SEMI
FREE_SEMI
FREE_NEWLINE
FREE_SEMI
FREE_SEMI
FREE_SEMI
FREE_SEMI
FREE_SEMI
FREE_Start_ID
FREE_SEMI
FREE_SEMI
FREE_SEMI
FREE_SEMI
FREE_SEMI
FREE_SEMI
FREE_SEMI
FREE_SEMI
FREE_SEMI
FREE_SEMI
FREE_SEMI
FREE_SEMI
FREE_SEMI
FREE_SEMI
FREE_SEMI
FREE_SEMI
FREE_SEMI
FREE_SEMI
C_FREE_NEWLINE
C_FREE_NEWLINE
EMPTY_NEWLINE
C_FREE_NEWLINE
C_FREE_NEWLINE
EMPTY_NEWLINE
C_FREE_NEWLINE
C_FREE_NEWLINE
EMPTY_NEWLINE
C_FREE_NEWLINE
C_FREE_NEWLINE
C_FREE_NEWLINE
C_FREE_NEWLINE
EMPTY_NEWLINE
C_FREE_NEWLINE
C_FREE_NEWLINE
EMPTY_NEWLINE
C_FREE_NEWLINE
C_FREE_NEWLINE
EMPTY_NEWLINE
C_FREE_NEWLINE
C_FREE_NEWLINE
FREE_SEMI
FREE_SEMI
FREE_Start_ID
FREE_SEMI
FREE_Start_ID
FREE_SEMI
FREE_SEMI
FREE_Start_ID
FREE_SEMI
FREE_Start_ID
FREE_SEMI
FREE_SEMI
FREE_Start_ID
FREE_SEMI
FREE_Start_ID
FREE_SEMI
FREE_SEMI
FREE_Start_ID
FREE_SEMI
FREE_Start_ID
FREE_SEMI
FREE_SEMI
FREE_Start_ID
FREE_SEMI
FREE_Start_ID
FREE_SEMI
FREE_SEMI
EMPTY_NEWLINE
FREE_SEMI
FREE_SEMI
FREE_Start_ID
FREE_SEMI
FREE_Start_ID
FREE_SEMI
FREE_SEMI
FREE_Start_ID
FREE_SEMI
FREE_Start_ID
FREE_SEMI
FREE_SEMI
FREE_Start_ID
FREE_SEMI
FREE_Start_ID
FREE_SEMI
FREE_SEMI
FREE_Start_ID
FREE_SEMI
FREE_Start_ID
FREE_SEMI
FREE_SEMI
FREE_Start_ID
FREE_SEMI
FREE_Start_ID
FREE_SEMI
FREE_SEMI
EMPTY_NEWLINE
D_FREE_NEWLINE
D_FREE_NEWLINE
D_FREE_NEWLINE
D_FREE_NEWLINE
FREE_SEMI
D_FREE_NEWLINE
D_FREE_NEWLINE
D_FREE_NEWLINE
D_FREE_NEWLINE
FREE_SEMI
D_FREE_NEWLINE
D_FREE_NEWLINE
D_FREE_NEWLINE
D_FREE_NEWLINE
D_FREE_NEWLINE
D_FREE_NEWLINE
FREE_Start_ID
FREE_NEWLINE
FREE_NEWLINE
FREE_SEMI
FREE_SEMI
D_FREE_NEWLINE
D_FREE_NEWLINE
D_FREE_NEWLINE
D_FREE_NEWLINE
D_FREE_NEWLINE
D_FREE_NEWLINE
FREE_Start_ID
FREE_NEWLINE
FREE_NEWLINE
FREE_SEMI
FREE_SEMI
FREE_SEMI
EMPTY_NEWLINE
FREE_SEMI
FREE_SEMI
EMPTY_NEWLINE
FREE_Start_ID
FREE_SEMI
FREE_Start_ID
FREE_SEMI
EMPTY_NEWLINE
FREE_SEMI
EMPTY_NEWLINE
FREE_SEMI
FREE_Start_ID
FREE_SEMI
FREE_SEMI
FREE_Start_ID
FREE_SEMI
FREE_SEMI
FREE_SEMI
FREE_SEMI
EMPTY_NEWLINE
FREE_SEMI
FREE_SEMI
EMPTY_NEWLINE
FREE_Start_ID
FREE_SEMI
FREE_Start_ID
FREE_SEMI
EMPTY_NEWLINE
FREE_SEMI
EMPTY_NEWLINE
FREE_SEMI
FREE_Start_ID
FREE_SEMI
FREE_SEMI
FREE_Start_ID
FREE_SEMI
FREE_SEMI
FREE_SEMI
C_FREE_NEWLINE
C_FREE_NEWLINE
C_FREE_NEWLINE
C_FREE_NEWLINE
FREE_Start_ID
FREE_SEMI
FREE_Start_ID
FREE_SEMI
FREE_SEMI
FREE_SEMI
FREE_SEMI
FREE_Start_ID
FREE_SEMI
FREE_SEMI
FREE_SEMI
FREE_SEMI
FREE_Start_ID
FREE_SEMI
FREE_SEMI
FREE_SEMI
FREE_Start_ID
FREE_SEMI
FREE_SEMI
FREE_SEMI
FREE_SEMI
FREE_Start_ID
FREE_SEMI
FREE_SEMI
FREE_SEMI
FREE_SEMI
EMPTY_NEWLINE
FREE_SEMI
FREE_SEMI
EMPTY_NEWLINE
C_FREE_NEWLINE
C_FREE_NEWLINE
C_FREE_NEWLINE
C_FREE_NEWLINE
FREE_SEMI
FREE_SEMI
FREE_Start_ID
FREE_SEMI
FREE_Start_ID
FREE_SEMI
C_FREE_NEWLINE
C_FREE_NEWLINE
C_FREE_NEWLINE
C_FREE_NEWLINE
FREE_SEMI
FREE_SEMI
FREE_Start_ID
FREE_SEMI
FREE_Start_ID
FREE_SEMI
FREE_SEMI
FREE_SEMI
FREE_NEWLINE
FREE_SEMI
FREE_SEMI
EMPTY_NEWLINE
FREE_SEMI
FREE_SEMI
FREE_NEWLINE
FREE_SEMI
FREE_SEMI
EMPTY_NEWLINE
FREE_SEMI
FREE_SEMI
FREE_SEMI
FREE_SEMI
FREE_SEMI
FREE_SEMI
FREE_SEMI
FREE_SEMI
FREE_SEMI
FREE_SEMI
FREE_SEMI
FREE_SEMI
FREE_SEMI
FREE_SEMI
EMPTY_NEWLINE
FREE_SEMI
FREE_SEMI
FREE_SEMI
FREE_SEMI
EMPTY_NEWLINE
FREE_SEMI
FREE_SEMI
FREE_SEMI
FREE_SEMI
EMPTY_NEWLINE
FREE_SEMI
FREE_SEMI
FREE_SEMI
FREE_SEMI
EMPTY_NEWLINE
EMPTY_NEWLINE
EMPTY_NEWLINE
FREE_SEMI
FREE_SEMI
FREE_SEMI
FREE_SEMI
EMPTY_NEWLINE
FREE_SEMI
FREE_SEMI
FREE_SEMI
FREE_SEMI
EMPTY_NEWLINE
FREE_SEMI
FREE_SEMI
FREE_SEMI
EMPTY_NEWLINE
FREE_SEMI
FREE_SEMI
FREE_SEMI
EMPTY_NEWLINE
EMPTY_NEWLINE
EMPTY_NEWLINE
D_FREE_NEWLINE
D_FREE_NEWLINE
D_FREE_NEWLINE
D_FREE_NEWLINE
EMPTY_NEWLINE
EMPTY_NEWLINE
C_FREE_NEWLINE
C_FREE_NEWLINE
C_FREE_NEWLINE
C_FREE_NEWLINE
FREE_SEMI
FREE_SEMI
FREE_SEMI
FREE_SEMI
FREE_SEMI
FREE_SEMI
FREE_SEMI
FREE_SEMI
EMPTY_NEWLINE
EMPTY_NEWLINE
C_FREE_NEWLINE
C_FREE_NEWLINE
C_FREE_NEWLINE
C_FREE_NEWLINE
FREE_SEMI
FREE_SEMI
FREE_SEMI
FREE_SEMI
FREE_SEMI
FREE_SEMI
FREE_SEMI
FREE_SEMI
EMPTY_NEWLINE
EMPTY_NEWLINE
EMPTY_NEWLINE
EMPTY_NEWLINE
C_FREE_NEWLINE
C_FREE_NEWLINE
C_FREE_NEWLINE
C_FREE_NEWLINE
FREE_SEMI
FREE_SEMI
FREE_SEMI
FREE_SEMI
FREE_SEMI
FREE_SEMI
FREE_SEMI
FREE_SEMI
EMPTY_NEWLINE
EMPTY_NEWLINE
C_FREE_NEWLINE
C_FREE_NEWLINE
C_FREE_NEWLINE
C_FREE_NEWLINE
FREE_SEMI
FREE_SEMI
FREE_SEMI
FREE_SEMI
FREE_SEMI
FREE_SEMI
FREE_SEMI
FREE_SEMI
EMPTY_NEWLINE
EMPTY_NEWLINE
EMPTY_NEWLINE
EMPTY_NEWLINE
FREE_SEMI
FREE_SEMI
FREE_SEMI
FREE_SEMI
FREE_SEMI
EMPTY_NEWLINE
FREE_SEMI
FREE_SEMI
FREE_SEMI
FREE_SEMI
FREE_SEMI
EMPTY_NEWLINE
EMPTY_NEWLINE
FREE_SEMI
FREE_SEMI
FREE_SEMI
FREE_SEMI
FREE_SEMI
EMPTY_NEWLINE
FREE_SEMI
FREE_SEMI
FREE_SEMI
FREE_SEMI
FREE_SEMI
C_FREE_NEWLINE
C_FREE_NEWLINE
EMPTY_NEWLINE
FREE_SEMI
FREE_SEMI
FREE_SEMI
EMPTY_NEWLINE
C_FREE_NEWLINE
C_FREE_NEWLINE
EMPTY_NEWLINE
FREE_SEMI
FREE_SEMI
FREE_SEMI
EMPTY_NEWLINE
C_FREE_NEWLINE
C_FREE_NEWLINE
C_FREE_NEWLINE
EMPTY_NEWLINE
FREE_SEMI
FREE_SEMI
FREE_SEMI
EMPTY_NEWLINE
EMPTY_NEWLINE
FREE_Start_ID
FREE_SEMI
EMPTY_NEWLINE
FREE_Start_ID
FREE_SEMI
FREE_Start_ID
FREE_SEMI
FREE_Start_ID
FREE_SEMI
FREE_Start_ID
FREE_SEMI
FREE_Start_ID
FREE_SEMI
FREE_Start_ID
FREE_SEMI
EMPTY_NEWLINE
C_FREE_NEWLINE
C_FREE_NEWLINE
C_FREE_NEWLINE
EMPTY_NEWLINE
FREE_SEMI
FREE_SEMI
FREE_SEMI
EMPTY_NEWLINE
EMPTY_NEWLINE
FREE_Start_ID
FREE_SEMI
EMPTY_NEWLINE
FREE_Start_ID
FREE_SEMI
FREE_Start_ID
FREE_SEMI
FREE_Start_ID
FREE_SEMI
FREE_Start_ID
FREE_SEMI
FREE_Start_ID
FREE_SEMI
FREE_Start_ID
FREE_SEMI
EMPTY_NEWLINE
C_FREE_NEWLINE
C_FREE_NEWLINE
C_FREE_NEWLINE
EMPTY_NEWLINE
FREE_SEMI
FREE_SEMI
FREE_SEMI
EMPTY_NEWLINE
C_FREE_NEWLINE
C_FREE_NEWLINE
C_FREE_NEWLINE
EMPTY_NEWLINE
FREE_SEMI
FREE_SEMI
FREE_SEMI
EMPTY_NEWLINE
EMPTY_NEWLINE
FREE_SEMI
FREE_SEMI
EMPTY_NEWLINE
EMPTY_NEWLINE
FREE_SEMI
FREE_SEMI
EMPTY_NEWLINE
EMPTY_NEWLINE
FREE_SEMI
FREE_SEMI
FREE_SEMI
EMPTY_NEWLINE
EMPTY_NEWLINE
FREE_SEMI
FREE_SEMI
FREE_SEMI
EMPTY_NEWLINE
EMPTY_NEWLINE
FREE_SEMI
FREE_SEMI
FREE_SEMI
EMPTY_NEWLINE
EMPTY_NEWLINE
FREE_SEMI
FREE_SEMI
FREE_SEMI
EMPTY_NEWLINE
FREE_SEMI
FREE_SEMI
FREE_SEMI
FREE_SEMI
EMPTY_NEWLINE
FREE_SEMI
FREE_SEMI
FREE_SEMI
FREE_SEMI
EMPTY_NEWLINE
C_FREE_NEWLINE
C_FREE_NEWLINE
C_FREE_NEWLINE
C_FREE_NEWLINE
C_FREE_NEWLINE
C_FREE_NEWLINE
EMPTY_NEWLINE
C_FREE_NEWLINE
C_FREE_NEWLINE
C_FREE_NEWLINE
C_FREE_NEWLINE
C_FREE_NEWLINE
C_FREE_NEWLINE
EMPTY_NEWLINE
FREE_SEMI
FREE_SEMI
EMPTY_NEWLINE
FREE_SEMI
FREE_SEMI
EMPTY_NEWLINE
C_FREE_NEWLINE
C_FREE_NEWLINE
C_FREE_NEWLINE
C_FREE_NEWLINE
C_FREE_NEWLINE
EMPTY_NEWLINE
FREE_SEMI
FREE_SEMI
FREE_SEMI
FREE_SEMI
FREE_SEMI
FREE_SEMI
EMPTY_NEWLINE
C_FREE_NEWLINE
C_FREE_NEWLINE
C_FREE_NEWLINE
C_FREE_NEWLINE
C_FREE_NEWLINE
EMPTY_NEWLINE
FREE_SEMI
FREE_SEMI
FREE_SEMI
FREE_SEMI
FREE_SEMI
FREE_SEMI
EMPTY_NEWLINE
C_FREE_NEWLINE
C_FREE_NEWLINE
C_FREE_NEWLINE
C_FREE_NEWLINE
C_FREE_NEWLINE
FREE_SEMI
FREE_SEMI
FREE_SEMI
FREE_SEMI
FREE_SEMI
FREE_SEMI
FREE_SEMI
FREE_SEMI
FREE_SEMI
EMPTY_NEWLINE
C_FREE_NEWLINE
C_FREE_NEWLINE
C_FREE_NEWLINE
C_FREE_NEWLINE
C_FREE_NEWLINE
FREE_SEMI
FREE_SEMI
FREE_SEMI
FREE_SEMI
FREE_SEMI
FREE_SEMI
FREE_SEMI
FREE_SEMI
FREE_SEMI
EMPTY_NEWLINE
EMPTY_NEWLINE
EMPTY_NEWLINE
EMPTY_NEWLINE
EMPTY_NEWLINE
FREE_SEMI
FREE_SEMI
FREE_SEMI
FREE_SEMI
FREE_SEMI
FREE_SEMI
FREE_SEMI
FREE_SEMI
FREE_SEMI
FREE_SEMI
FREE_SEMI
FREE_SEMI
EMPTY_NEWLINE
FREE_SEMI
FREE_SEMI
EMPTY_NEWLINE
FREE_SEMI
FREE_SEMI
EMPTY_NEWLINE
FREE_SEMI
FREE_SEMI
EMPTY_NEWLINE
FREE_SEMI
FREE_SEMI
EMPTY_NEWLINE
FREE_SEMI
FREE_SEMI
EMPTY_NEWLINE
EMPTY_NEWLINE
EMPTY_NEWLINE
EMPTY_NEWLINE
EMPTY_NEWLINE
EMPTY_NEWLINE
EMPTY_NEWLINE
EMPTY_NEWLINE
EMPTY_NEWLINE
EMPTY_NEWLINE
EMPTY_NEWLINE
EMPTY_NEWLINE
EMPTY_NEWLINE
EMPTY_NEWLINE
EMPTY_NEWLINE
FREE_SEMI
FREE_SEMI
FREE_SEMI
FREE_SEMI
EMPTY_NEWLINE
FREE_SEMI
FREE_SEMI
FREE_SEMI
FREE_SEMI
EMPTY_NEWLINE
EMPTY_NEWLINE
EMPTY_NEWLINE
FREE_SEMI
FREE_SEMI
FREE_SEMI
EMPTY_NEWLINE
FREE_SEMI
FREE_SEMI
FREE_SEMI
EMPTY_NEWLINE
FREE_SEMI
FREE_SEMI
FREE_SEMI
FREE_SEMI
FREE_SEMI
FREE_SEMI
FREE_SEMI
FREE_SEMI
FREE_SEMI
FREE_SEMI
EMPTY_NEWLINE
EMPTY_NEWLINE
FREE_SEMI
FREE_SEMI
FREE_SEMI
FREE_SEMI
EMPTY_NEWLINE
FREE_SEMI
FREE_SEMI
FREE_SEMI
FREE_SEMI
EMPTY_NEWLINE
FREE_SEMI
FREE_SEMI
FREE_SEMI
FREE_SEMI
FREE_SEMI
FREE_SEMI
FREE_SEMI
FREE_SEMI
FREE_SEMI
FREE_SEMI
FREE_SEMI
FREE_SEMI
FREE_SEMI
FREE_SEMI
FREE_SEMI
FREE_SEMI
FREE_SEMI
FREE_SEMI
FREE_SEMI
FREE_SEMI
FREE_SEMI
FREE_SEMI
FREE_SEMI
FREE_SEMI
FREE_SEMI
FREE_SEMI
FREE_SEMI
FREE_SEMI
FREE_SEMI
FREE_SEMI
FREE_SEMI
FREE_SEMI
FREE_SEMI
FREE_SEMI
FREE_SEMI
FREE_SEMI
FREE_SEMI
FREE_SEMI
FREE_SEMI
FREE_SEMI
FREE_SEMI
FREE_SEMI
FREE_SEMI
FREE_SEMI
FREE_SEMI
FREE_SEMI
FREE_SEMI
FREE_SEMI
FREE_SEMI
FREE_SEMI
EMPTY_NEWLINE
FREE_SEMI
FREE_SEMI
FREE_SEMI
FREE_SEMI
EMPTY_NEWLINE
FREE_SEMI
FREE_SEMI
FREE_SEMI
FREE_SEMI
FREE_SEMI
FREE_SEMI
FREE_SEMI
FREE_SEMI
FREE_SEMI
FREE_SEMI
C_FREE_NEWLINE
C_FREE_NEWLINE
C_FREE_NEWLINE
C_FREE_NEWLINE
C_FREE_NEWLINE
FREE_SEMI
FREE_SEMI
FREE_SEMI
FREE_SEMI
FREE_SEMI
C_FREE_NEWLINE
C_FREE_NEWLINE
C_FREE_NEWLINE
C_FREE_NEWLINE
C_FREE_NEWLINE
FREE_SEMI
FREE_SEMI
FREE_SEMI
FREE_SEMI
FREE_SEMI
FREE_SEMI
FREE_SEMI
FREE_SEMI
FREE_SEMI
C_FREE_NEWLINE
C_FREE_NEWLINE
C_FREE_NEWLINE
C_FREE_NEWLINE
C_FREE_NEWLINE
FREE_SEMI
FREE_SEMI
FREE_SEMI
EMPTY_NEWLINE
FREE_SEMI
FREE_SEMI
FREE_SEMI
FREE_SEMI
FREE_SEMI
FREE_SEMI
EMPTY_NEWLINE
C_FREE_NEWLINE
C_FREE_NEWLINE
C_FREE_NEWLINE
C_FREE_NEWLINE
C_FREE_NEWLINE
FREE_SEMI
FREE_SEMI
FREE_SEMI
EMPTY_NEWLINE
FREE_SEMI
FREE_SEMI
FREE_SEMI
FREE_SEMI
FREE_SEMI
FREE_SEMI
EMPTY_NEWLINE
FREE_SEMI
FREE_SEMI
FREE_NEWLINE
FREE_SEMI
FREE_SEMI
EMPTY_NEWLINE
FREE_SEMI
FREE_SEMI
FREE_NEWLINE
FREE_SEMI
FREE_SEMI
EMPTY_NEWLINE
FREE_SEMI
FREE_SEMI
FREE_NEWLINE
FREE_SEMI
FREE_SEMI
EMPTY_NEWLINE
FREE_SEMI
FREE_SEMI
FREE_NEWLINE
FREE_SEMI
FREE_SEMI
EMPTY_NEWLINE
C_FREE_NEWLINE
C_FREE_NEWLINE
C_FREE_NEWLINE
C_FREE_NEWLINE
C_FREE_NEWLINE
FREE_SEMI
FREE_SEMI
FREE_SEMI
FREE_SEMI
FREE_SEMI
FREE_SEMI
EMPTY_NEWLINE
C_FREE_NEWLINE
C_FREE_NEWLINE
C_FREE_NEWLINE
C_FREE_NEWLINE
C_FREE_NEWLINE
FREE_SEMI
FREE_SEMI
FREE_SEMI
FREE_SEMI
FREE_SEMI
FREE_SEMI
EMPTY_NEWLINE
EMPTY_NEWLINE
EMPTY_NEWLINE
FREE_SEMI
FREE_SEMI
FREE_SEMI
FREE_SEMI
FREE_SEMI
FREE_SEMI
FREE_SEMI
FREE_SEMI
FREE_SEMI
FREE_SEMI
EMPTY_NEWLINE
EMPTY_NEWLINE
EMPTY_NEWLINE
EMPTY_NEWLINE
EMPTY_NEWLINE
EMPTY_NEWLINE
FREE_SEMI
FREE_SEMI
FREE_SEMI
FREE_SEMI
FREE_SEMI
FREE_SEMI
FREE_SEMI
FREE_SEMI
FREE_SEMI
FREE_SEMI
FREE_SEMI
FREE_SEMI
FREE_SEMI
FREE_SEMI
FREE_SEMI
FREE_SEMI
FREE_SEMI
FREE_SEMI
EMPTY_NEWLINE
EMPTY_NEWLINE
EMPTY_NEWLINE
EMPTY_NEWLINE
FREE_SEMI
FREE_SEMI
FREE_SEMI
FREE_SEMI
FREE_SEMI
FREE_SEMI
FREE_SEMI
FREE_SEMI
EMPTY_NEWLINE
EMPTY_NEWLINE
FREE_SEMI
FREE_Start_ID
FREE_SEMI
FREE_Start_ID
FREE_SEMI
FREE_SEMI
FREE_SEMI
FREE_SEMI
FREE_Start_ID
FREE_SEMI
FREE_Start_ID
FREE_SEMI
FREE_SEMI
FREE_SEMI
D_FREE_NEWLINE
D_FREE_NEWLINE
D_FREE_NEWLINE
D_FREE_NEWLINE
D_FREE_NEWLINE
D_FREE_NEWLINE
D_FREE_NEWLINE
D_FREE_NEWLINE
FREE_SEMI
FREE_SEMI
FREE_SEMI
FREE_Start_ID
FREE_SEMI
FREE_SEMI
FREE_SEMI
FREE_Start_ID
FREE_SEMI
FREE_SEMI
FREE_SEMI
FREE_SEMI
FREE_SEMI
FREE_SEMI
FREE_Start_ID
FREE_NEWLINE
FREE_NEWLINE
FREE_SEMI
FREE_SEMI
FREE_Start_ID
FREE_NEWLINE
FREE_SEMI
FREE_SEMI
FREE_SEMI
EMPTY_NEWLINE
D_FREE_NEWLINE
D_FREE_NEWLINE
D_FREE_NEWLINE
D_FREE_NEWLINE
D_FREE_NEWLINE
D_FREE_NEWLINE
D_FREE_NEWLINE
D_FREE_NEWLINE
FREE_SEMI
FREE_SEMI
FREE_SEMI
FREE_Start_ID
FREE_SEMI
FREE_SEMI
FREE_SEMI
FREE_Start_ID
FREE_SEMI
FREE_SEMI
FREE_SEMI
FREE_SEMI
FREE_SEMI
FREE_SEMI
FREE_Start_ID
FREE_NEWLINE
FREE_NEWLINE
FREE_SEMI
FREE_SEMI
FREE_Start_ID
FREE_NEWLINE
FREE_SEMI
FREE_SEMI
FREE_SEMI
EMPTY_NEWLINE
FREE_SEMI
EMPTY_NEWLINE
FREE_SEMI
FREE_Start_ID
FREE_SEMI
FREE_SEMI
FREE_Start_ID
FREE_SEMI
FREE_Start_NoSpace
FREE_SEMI
FREE_SEMI
EMPTY_NEWLINE
FREE_SEMI
FREE_SEMI
EMPTY_NEWLINE
FREE_SEMI
FREE_Start_ID
FREE_SEMI
FREE_SEMI
FREE_Start_ID
FREE_SEMI
FREE_Start_NoSpace
FREE_SEMI
FREE_SEMI
EMPTY_NEWLINE
FREE_SEMI
EMPTY_NEWLINE
EMPTY_NEWLINE
EMPTY_NEWLINE
EMPTY_NEWLINE
EMPTY_NEWLINE
EMPTY_NEWLINE
[ERROR] Tests run: 260, Failures: 1, Errors: 0, Skipped: 0, Time elapsed: 8.295 s <<< FAILURE! - in org.rpgleparser.integration.TestFiles
[ERROR] test[106src\test\resources\org\rpgleparser\tests\directives\copy.rpgle](org.rpgleparser.integration.TestFiles)  Time elapsed: 0.039 s  <<< FAILURE!
java.lang.AssertionError: 

Expected: is an empty collection
     but: <[Line: 2 mismatched input 'SRCFIL' expecting {DIR_DEFINE, DIR_NOT, DIR_Slash, StringLiteralStart, DIR_OtherTextf}[s0-DS_FIXED->s9
s0-FS_FIXED->:s35=>5
s0-OS_FIXED->:s37=>5
s0-CS_FIXED->s1
s0-CS_ExecSQL->:s18=>5
s0-PS_FIXED->:s20=>6
s0-HS_FIXED->:s34=>5
s0-DIRECTIVE->:s7=>5
s0-OP_BEGSR->s41
s0-OP_DOW->:s21=>5
s0-OP_IF->:s14=>5
s0-DS_Standalone->:s48=>5
s0-DS_DataStructureStart->:s17=>5
s0-DS_PrototypeStart->:s46=>1
s0-DS_ProcedureInterfaceStart->:s45=>2
s0-DS_Constant->:s43=>5
s0-FS_FreeFile->:s44=>5
s0-ID->:s8=>5
s1-BlankIndicator->s2
s2-BlankFlag->s3
s3-BlankIndicator->s4
s3-GeneralIndicator->s22
s4-SPLAT_LIKE->s39
s4-'              '->s5
s4-CS_FactorContent->s29
s5-OP_EVAL->:s6=>5
s5-OP_IF->:s15=>5
s5-OP_SELECT->:s19=>5
s9-CONTINUATION_NAME->s32
s9-NAME->s10
s10-EXTERNAL_DESCRIPTION->s11
s11-DATA_STRUCTURE_TYPE->s12
s12-DEF_TYPE_C->:s36=>5
s12-DEF_TYPE_PI->:s47=>2
s12-DEF_TYPE_PR->:s33=>1
s12-DEF_TYPE_DS->:s16=>5
s12-DEF_TYPE_S->:s13=>5
s22-EOL->s23
s22-'              '->s27
s23-CS_FIXED->s24
s24-AndIndicator->s25
s25-NoFlag->s26
s26-GeneralIndicator->s22
s27-OP_DOU->:s28=>5
s27-OP_SETON->:s31=>5
s29-OP_BEGSR->:s30=>4
s29-OP_TAG->:s38=>5
s32-CONTINUATION_NAME->s32
s32-NAME->s10
s39-OP_DEFINE->:s40=>5
s41-ID->:s42=>4
, , , s0-DS_FIXED->s9
s0-FS_FIXED->s33
s0-OS_FIXED->s44
s0-CS_FIXED->s1
s0-CS_ExecSQL->:s18=>11
s0-HS_FIXED->:s32=>13
s0-DIRECTIVE->:s7=>17
s0-OP_DOW->:s20=>8
s0-OP_EVAL->:s53=>18
s0-OP_EXSR->:s52=>18
s0-OP_IF->:s14=>8
s0-DS_Standalone->:s58=>1
s0-DS_DataStructureStart->:s17=>2
s0-DS_Constant->:s54=>3
s0-FS_FreeFile->:s56=>6
s0-EXEC_SQL->:s51=>18
s0-ID->:s8=>18
s1-BlankIndicator->s2
s2-BlankFlag->s3
s3-BlankIndicator->s4
s3-GeneralIndicator->s22
s4-SPLAT_LIKE->s48
s4-'              '->s5
s4-CS_FactorContent->s46
s5-OP_EVAL->:s6=>9
s5-OP_EXSR->:s29=>9
s5-OP_IF->:s15=>8
s5-OP_RETURN->:s21=>9
s5-OP_SELECT->:s19=>8
s9-CONTINUATION_NAME->s31
s9-NAME->s10
s10-EXTERNAL_DESCRIPTION->s11
s11-DATA_STRUCTURE_TYPE->s12
s12-DEF_TYPE_C->s35
s12-DEF_TYPE_DS->:s16=>2
s12-DEF_TYPE_S->:s13=>1
s22-EOL->s23
s22-'              '->s27
s23-CS_FIXED->s24
s24-AndIndicator->s25
s25-NoFlag->s26
s26-GeneralIndicator->s22
s27-OP_DOU->:s28=>8
s27-OP_SETON->:s30=>9
s31-CONTINUATION_NAME->s31
s31-NAME->s10
s33-FS_RecordName->:s34=>7
s35-FROM_POSITION->s36
s36-TO_POSITION->s37
s37-DATA_TYPE->s38
s38-DECIMAL_POSITIONS->s39
s39-RESERVED->s40
s40-BIF_ELEM->:s57=>3
s40-SPLAT_ON->:s55=>3
s40-SPLAT_OFF->:s55=>3
s40-KEYWORD_CONST->:s41=>3
s40-NUMBER->:s42=>1
s40-GraphicLiteralStart->:s43=>3
s40-StringLiteralStart->:s43=>3
s44-OS_FieldReserved->:s45=>5
s46-OP_READE->:s50=>9
s46-OP_TAG->:s47=>9
s48-OP_DEFINE->:s49=>9
, , , , , , s0-EOF->:s1=>2
s0-DS_FIXED->:s3=>2
s0-DS_Standalone->:s2=>2
, , s0-DS_FIXED->s1
s0-DS_Standalone->:s7=>1
s1-CONTINUATION_NAME->s1
s1-NAME->s2
s2-EXTERNAL_DESCRIPTION->s3
s3-DATA_STRUCTURE_TYPE->s4
s4-DEF_TYPE_C->:s6=>2
s4-DEF_TYPE_S->:s5=>3
, , , , , s0-SPLAT_MDY->s1
s0-SPLAT_YMD->s1
s0-SPLAT_JUL->s1
s0-SPLAT_ISO->s1
s1-')'->:s2^=>1
, , s0-StringLiteralStart->:s1=>2
, s0-StringLiteralStart->s1
s1-StringContent->s1
s1-StringLiteralEnd->:s2^=>1
, , , , , , s0-SPLAT_JAVA->s2
s0-StringLiteralStart->:s1=>3
s2-COLON->s3
s3-StringLiteralStart->s4
s4-StringContent->s4
s4-StringLiteralEnd->s5
s5-COLON->:s6=>1
, , , , , , , s0-SPLAT_NEXT->s2
s0-NUMBER->:s1=>2
s2-')'->:s3^=>1
, , , , , , , , , , s0-SPLAT_EXTDESC->s1
s0-StringLiteralStart->:s3=>1
s0-ID->:s4=>1
s1-')'->:s2^=>1
, , , , , , , , s0-DS_DataStructureEnd->:s9=>2
s0-KEYWORD_EXT->:s10=>1
s0-KEYWORD_LEN->:s8=>1
s0-KEYWORD_LIKEREC->s2
s0-KEYWORD_QUALIFIED->:s12=>1
s0-KEYWORD_PSDS->:s11=>1
s0-FREE_SEMI->:s1=>2
s2-'('->s3
s3-ID->s4
s4-')'->s5
s5-FREE_SEMI->s6
s6-EOF->:s7=>2
, , , , , , , s0-DS_FIXED->s1
s1-NAME->s2
s2-EXTERNAL_DESCRIPTION->s3
s3-DATA_STRUCTURE_TYPE->s4
s4-DEF_TYPE_BLANK->s5
s5-FROM_POSITION->s6
s6-TO_POSITION->s7
s7-DATA_TYPE->s8
s8-DECIMAL_POSITIONS->s9
s9-RESERVED->s10
s10-KEYWORD_OVERLAY->s18
s10-EOL->s11
s11-EOF->:s12=>2
s11-DS_FIXED->s13
s11-DS_DataStructureStart->:s24=>2
s13-NAME->s14
s14-EXTERNAL_DESCRIPTION->s15
s15-DATA_STRUCTURE_TYPE->s16
s16-DEF_TYPE_BLANK->:s17=>1
s18-'('->s19
s19-ID->s20
s20-')'->s10
s20-COLON->s21
s21-SPLAT_NEXT->s23
s21-NUMBER->s22
s22-')'->s10
s23-')'->s10
, s0-EOF->:s7=>2
s0-DS_FIXED->s1
s0-DS_DataStructureStart->:s6=>2
s1-NAME->s2
s2-EXTERNAL_DESCRIPTION->s3
s3-DATA_STRUCTURE_TYPE->s4
s4-DEF_TYPE_BLANK->:s5=>1
, , , s0-SPLAT_PROC->:s8=>2
s0-SPLAT_STATUS->:s8=>2
s0-CHAR->s1
s0-VARCHAR->s1
s0-PACKED->s1
s0-INT->s1
s1-'('->s2
s2-NUMBER->s3
s3-')'->s4
s3-COLON->:s6=>1
s4-KEYWORD_POS->:s7^=>1
s4-FREE_SEMI->:s5^=>1
, , , s0-VARCHAR->s1
s0-INT->s1
s0-KEYWORD_EXTPGM->:s6=>2
s1-'('->s2
s2-NUMBER->s3
s3-')'->s4
s4-KEYWORD_DIM->:s5=>1
s4-KEYWORD_EXTPROC->:s7=>1
, s0-KEYWORD_DIM->s1
s0-KEYWORD_EXTPGM->s7
s0-KEYWORD_EXTPROC->s8
s0-FREE_SEMI->:s6=>2
s1-'('->s2
s2-NUMBER->s3
s3-')'->s4
s4-FREE_SEMI->:s5=>1
s7-FREE_SEMI->:s5=>1
s8-'('->s9
s9-StringLiteralStart->s10
s10-StringContent->s10
s10-StringLiteralEnd->s11
s11-')'->s4
, , , , s0-EOF->:s7=>2
s0-DS_FIXED->s1
s0-CS_FIXED->:s8=>2
s1-CONTINUATION_NAME->s2
s1-NAME->s3
s2-NAME->s3
s3-EXTERNAL_DESCRIPTION->s4
s4-DATA_STRUCTURE_TYPE->s5
s5-DEF_TYPE_PI->:s10=>2
s5-DEF_TYPE_PR->:s9=>2
s5-DEF_TYPE_BLANK->:s6=>1
, , , , , s0-FREE_SEMI->:s1=>2
, s0-FREE_SEMI->:s1=>2
, , , s0-EOF->:s10=>2
s0-DS_FIXED->s1
s0-PS_FIXED->:s8=>2
s0-DIRECTIVE->:s6=>2
s1-CONTINUATION_NAME->s9
s1-NAME->s2
s2-EXTERNAL_DESCRIPTION->s3
s3-DATA_STRUCTURE_TYPE->s4
s4-DEF_TYPE_S->:s7=>2
s4-DEF_TYPE_BLANK->:s5=>1
s9-NAME->s2
, , , , , , , , , , s0-CS_FIXED->s5
s0-OP_DOW->s1
s1-NOT->s2
s2-SPLAT_INLR->s3
s3-FREE_SEMI->:s4^=>4
s5-BlankIndicator->s6
s5-AndIndicator->s6
s6-BlankFlag->s7
s6-NoFlag->s7
s7-GeneralIndicator->s8
s8-EOL->s9
s8-'              '->s10
s9-CS_FIXED->s5
s10-OP_DOU->:s11=>3
, s0-CS_FIXED->s2
s0-OP_ENDDO->:s1=>2
s2-BlankIndicator->s3
s3-BlankFlag->s4
s4-BlankIndicator->s5
s5-'              '->s8
s5-CS_FactorContent->s6
s6-OP_READE->:s7=>1
s8-OP_ENDDO->:s9=>2
, s0-CS_FIXED->s2
s0-OP_DOW->:s9=>1
s0-OP_IF->:s1=>2
s2-BlankIndicator->s3
s2-AndIndicator->s3
s3-BlankFlag->s4
s3-NoFlag->s4
s4-BlankIndicator->s5
s4-GeneralIndicator->s5
s5-EOL->s10
s5-'              '->s6
s6-OP_DOU->:s11=>1
s6-OP_IF->:s7=>2
s6-OP_SELECT->:s8=>3
s10-CS_FIXED->s2
, s0-CS_FIXED->s3
s0-OP_ENDIF->:s2=>2
s0-OP_EXSR->:s12=>1
s0-ID->:s1=>1
s3-BlankIndicator->s4
s4-BlankFlag->s5
s5-BlankIndicator->s6
s6-'              '->s7
s7-OP_ENDIF->:s8=>2
s7-OP_EVAL->:s9=>1
s7-OP_EXSR->:s11=>1
s7-OP_IF->:s10=>1
, , s0-CS_FIXED->s2
s0-OP_ENDIF->:s1=>2
s2-BlankIndicator->s3
s3-BlankFlag->s4
s4-BlankIndicator->s5
s5-'              '->s6
s6-OP_ENDIF->:s7=>2
, , s0-CS_FIXED->s2
s0-OP_ENDIF->:s1=>2
s2-BlankIndicator->s3
s3-BlankFlag->s4
s4-BlankIndicator->s5
s5-'              '->s6
s6-OP_ENDIF->:s7=>2
, , , , , , , , , , , , , , , s0-CS_FIXED->s1
s1-BlankIndicator->s2
s2-BlankFlag->s3
s3-BlankIndicator->s4
s4-'              '->s5
s5-OP_ENDSL->:s7=>2
s5-OP_WHEN->:s6=>1
, s0-CS_FIXED->s1
s1-BlankIndicator->s2
s2-BlankFlag->s3
s3-BlankIndicator->s4
s4-'              '->s5
s5-OP_ENDSL->:s6=>2
, , , , s0-BlankIndicator->s1
s1-BlankFlag->s2
s2-BlankIndicator->s3
s3-'              '->:s4=>2
, , , s0-CS_FIXED->s1
s1-BlankIndicator->s2
s2-BlankFlag->s3
s3-BlankIndicator->s4
s4-'              '->s5
s5-OP_WHEN->:s6=>2
, s0-CS_FIXED->s1
s1-BlankIndicator->s2
s2-BlankFlag->s3
s3-BlankIndicator->s4
s4-'              '->s5
s5-OP_ENDSL->:s7=>2
s5-OP_EVAL->:s6=>1
, s0-BlankIndicator->s1
s1-BlankFlag->s2
s2-BlankIndicator->s3
s3-'              '->:s4=>2
, , , , , , , , s0-BlankIndicator->s1
s1-BlankFlag->s2
s2-BlankIndicator->s3
s3-'              '->:s4=>2
, , , , s0-BlankIndicator->s1
s1-BlankFlag->s2
s2-BlankIndicator->s3
s3-'              '->:s4=>2
, s0-BIF_EOF->:s1=>2
s0-NOT->:s3=>2
s0-'('->s4
s0-ID->:s2=>2
s4-NOT->:s5=>2
, s0-OP_ENDIF->:s2=>2
s0-OP_EXSR->:s3=>2
s0-ID->:s1=>2
, s0-CS_FIXED->s2
s0-OP_IF->:s1=>3
s2-BlankIndicator->s3
s3-BlankFlag->s4
s4-BlankIndicator->s5
s5-'              '->s6
s6-OP_IF->:s7=>2
, s0-BlankIndicator->s1
s0-AndIndicator->s1
s1-BlankFlag->s2
s1-NoFlag->s2
s2-GeneralIndicator->s3
s3-EOL->:s4=>1
s3-'              '->:s5=>2
, , , , s0-OP_ENDDO->:s1=>2
, , , , , , , , , , , , , , , , , , , , , , , , , , , , , , , , , , s0-BlankIndicator->s1
s1-BlankFlag->s2
s2-BlankIndicator->s3
s3-'              '->:s4=>2
, , s0-EOF->:s2=>2
s0-OP_DOW->:s4=>2
s0-OP_IF->:s3=>2
s0-ID->:s1=>2
, , s0-BlankIndicator->s1
s1-BlankFlag->s2
s2-BlankIndicator->s3
s3-'              '->:s4=>2
, , s0-EOF->:s2=>2
s0-DIRECTIVE->:s1=>2
, , , , , , , , , , , , , , , , , , , , s0-BlankIndicator->s1
s0-AndIndicator->s1
s1-BlankFlag->s2
s1-NoFlag->s2
s2-BlankIndicator->s3
s2-GeneralIndicator->s3
s3-SPLAT_LIKE->:s7=>2
s3-EOL->:s5=>1
s3-'              '->:s4=>2
s3-CS_FactorContent->:s6=>2
, s0-OP_EVAL->s1
s0-OP_EXSR->:s151=>1
s0-OP_READE->:s168=>1
s0-OP_RETURN->:s133=>1
s0-OP_DEFINE->:s167=>1
s0-OP_SETON->:s152=>1
s0-OP_TAG->:s166=>1
s1-ID->s2
s2-'='->s3
s2-CONTINUATION->s153
s3-BIF_ABS->s4
s3-BIF_ADDR->s155
s3-BIF_ALLOC->s19
s3-BIF_BITAND->s31
s3-BIF_BITNOT->s46
s3-BIF_BITOR->s54
s3-BIF_BITXOR->s69
s3-BIF_CHAR->s81
s3-BIF_CHECK->s91
s3-BIF_CHECKR->s105
s3-BIF_DIFF->s119
s3-BIF_REPLACE->s134
s3-BIF_SUBDT->s126
s3-'('->s160
s3-NUMBER->s164
s3-StringLiteralStart->s132
s3-ID->s11
s4-'('->s5
s5-ID->s6
s6-'+'->s9
s6-'-'->s9
s6-')'->s7
s7-'/'->s3
s7-C_FREE_NEWLINE->:s8^=>1
s9-NUMBER->s10
s10-'+'->s9
s10-'-'->s9
s10-')'->s7
s11-'+'->s3
s11-'('->s12
s11-C_FREE_NEWLINE->:s131^=>1
s12-BIF_ADDR->s13
s13-'('->s14
s14-ID->s15
s15-')'->s16
s16-')'->s17
s17-C_FREE_NEWLINE->:s18^=>1
s19-'('->s20
s20-BIF_INT->s28
s20-BIF_LEN->s24
s20-NUMBER->s21
s21-'+'->s22
s21-')'->s7
s22-NUMBER->s23
s23-'+'->s22
s23-'-'->s22
s23-')'->s7
s24-'('->s25
s25-ID->s26
s26-')'->s27
s27-'+'->s22
s27-')'->s7
s28-'('->s29
s29-NUMBER->s30
s30-')'->s27
s31-'('->s32
s32-BIF_STR->s40
s32-HexLiteralStart->s36
s32-ID->s33
s33-COLON->s34
s34-HexLiteralStart->s38
s34-ID->s35
s35-')'->s7
s35-COLON->s43
s36-StringContent->s36
s36-StringLiteralEnd->s37
s37-COLON->s34
s38-StringContent->s38
s38-StringLiteralEnd->s39
s39-')'->s7
s40-'('->s41
s41-ID->s42
s42-')'->s37
s43-HexLiteralStart->s44
s44-StringContent->s44
s44-StringLiteralEnd->s45
s45-')'->s7
s46-'('->s47
s47-BIF_STR->s51
s47-HexLiteralStart->s49
s47-ID->s48
s48-')'->s7
s49-StringContent->s49
s49-StringLiteralEnd->s50
s50-')'->s7
s51-'('->s52
s52-ID->s53
s53-')'->s50
s54-'('->s55
s55-BIF_STR->s63
s55-HexLiteralStart->s59
s55-ID->s56
s56-COLON->s57
s57-HexLiteralStart->s61
s57-ID->s58
s58-')'->s7
s58-COLON->s66
s59-StringContent->s59
s59-StringLiteralEnd->s60
s60-COLON->s57
s61-StringContent->s61
s61-StringLiteralEnd->s62
s62-')'->s7
s63-'('->s64
s64-ID->s65
s65-')'->s60
s66-HexLiteralStart->s67
s67-StringContent->s67
s67-StringLiteralEnd->s68
s68-')'->s7
s69-'('->s70
s70-BIF_STR->s78
s70-HexLiteralStart->s74
s70-ID->s71
s71-COLON->s72
s72-HexLiteralStart->s76
s72-ID->s73
s73-')'->s7
s74-StringContent->s74
s74-StringLiteralEnd->s75
s75-COLON->s72
s76-StringContent->s76
s76-StringLiteralEnd->s77
s77-')'->s7
s78-'('->s79
s79-ID->s80
s80-')'->s75
s81-'('->s82
s82-BIF_STR->s88
s82-HexLiteralStart->s84
s82-ID->s83
s83-')'->s7
s83-COLON->s86
s84-StringContent->s84
s84-StringLiteralEnd->s85
s85-')'->s7
s85-COLON->s86
s86-SPLAT_JOBRUN->s87
s86-SPLAT_HMS->s87
s87-')'->s7
s88-'('->s89
s89-ID->s90
s90-')'->s85
s91-'('->s92
s92-BIF_STR->s100
s92-StringLiteralStart->s96
s92-ID->s93
s93-COLON->s94
s94-StringLiteralStart->s98
s94-ID->s95
s95-')'->s7
s95-COLON->s103
s96-StringContent->s96
s96-StringLiteralEnd->s97
s97-COLON->s94
s98-StringContent->s98
s98-StringLiteralEnd->s99
s99-')'->s7
s100-'('->s101
s101-ID->s102
s102-')'->s97
s103-NUMBER->s104
s104-')'->s7
s105-'('->s106
s106-BIF_STR->s114
s106-StringLiteralStart->s110
s106-ID->s107
s107-COLON->s108
s108-StringLiteralStart->s112
s108-ID->s109
s109-')'->s7
s109-COLON->s117
s110-StringContent->s110
s110-StringLiteralEnd->s111
s111-COLON->s108
s112-StringContent->s112
s112-StringLiteralEnd->s113
s113-')'->s7
s114-'('->s115
s115-ID->s116
s116-')'->s111
s117-NUMBER->s118
s118-')'->s7
s119-'('->s120
s120-ID->s121
s121-COLON->s122
s122-ID->s123
s123-COLON->s124
s124-SPLAT_SECONDS->s125
s125-')'->s7
s126-'('->s127
s127-ID->s128
s128-COLON->s129
s129-SPLAT_H->s130
s129-SPLAT_MN->s130
s129-SPLAT_S->s130
s130-')'->s7
s132-StringContent->s132
s132-StringLiteralEnd->s7
s134-'('->s135
s135-StringLiteralStart->s136
s136-StringContent->s136
s136-StringLiteralEnd->s137
s137-COLON->s138
s138-ID->s139
s139-COLON->s140
s140-'+'->s141
s141-BIF_SCAN->s142
s142-'('->s143
s143-StringLiteralStart->s144
s144-StringContent->s144
s144-StringLiteralEnd->s145
s145-COLON->s146
s146-ID->s147
s147-')'->s148
s148-COLON->s149
s149-NUMBER->s150
s150-')'->s7
s153-ID->s154
s154-'='->s3
s155-'('->s156
s156-ID->s157
s157-CONTINUATION->s158
s158-ID->s159
s159-')'->s7
s160-ID->s161
s161-MULT_NOSPACE->s162
s162-ID->s163
s163-')'->s7
s164-C_FREE_NEWLINE->:s165^=>1
, , , , , , , s0-DS_FIXED->s1
s1-CONTINUATION_NAME->s1
s1-NAME->s2
s2-EXTERNAL_DESCRIPTION->s3
s3-DATA_STRUCTURE_TYPE->s4
s4-DEF_TYPE_BLANK->:s5=>1
, s0-DS_FIXED->s1
s1-CONTINUATION_NAME->s6
s1-NAME->s2
s2-EXTERNAL_DESCRIPTION->s3
s3-DATA_STRUCTURE_TYPE->s4
s4-DEF_TYPE_PI->:s5=>1
s6-CONTINUATION_NAME->s6
s6-NAME->s2
, , , , , , s0-CS_FIXED->s1
s0-OP_ENDSR->s9
s0-OP_EVAL->:s17=>1
s0-OP_EXSR->:s16=>1
s0-EXEC_SQL->:s15=>1
s0-ID->:s8=>1
s1-BlankIndicator->s2
s2-BlankFlag->s3
s3-BlankIndicator->s4
s4-'              '->s5
s5-OP_ENDSR->:s7=>2
s5-OP_IF->:s6=>1
s9-FREE_SEMI->s10
s10-DIRECTIVE->s11
s11-DIR_ENDFREE->s12
s12-EOL->s13
s13-EOF->:s14=>2
, s0-DS_FIXED->s2
s0-CS_FIXED->s7
s0-DIRECTIVE->:s1=>1
s2-NAME->s3
s3-EXTERNAL_DESCRIPTION->s4
s4-DATA_STRUCTURE_TYPE->s5
s5-DEF_TYPE_S->:s6=>1
s7-BlankIndicator->s8
s8-BlankFlag->s9
s9-BlankIndicator->s10
s10-'              '->s11
s11-OP_RETURN->:s12=>1
, , , s0-BlankIndicator->s1
s1-BlankFlag->s2
s2-BlankIndicator->s3
s3-CS_FactorContent->:s4=>2
, s0-EXEC_SQL->:s2=>2
s0-ID->:s1=>2
, s0-BlankIndicator->s1
s1-BlankFlag->s2
s2-BlankIndicator->s3
s3-'              '->:s4=>2
, , s0-DIRECTIVE->:s1=>2
, , , , , , , , , , , , , , , , , , , , , , , , s0-SPLAT_INDICATOR->:s1=>2
, , , , , s0-ID->:s1=>2
, , , , , , , , , , , , , , , , , , , , , , , , , , , , , , , , , , , , , s0-ID->:s1=>2
, , , , , , , , , , , , , , s0-ID->:s1=>2
, , , , , , , , , , , , , , , , , , , , , , , , , , , , , , , , , , , , , , , , , , , , , , , , , s0-OP_EVAL->s11
s0-OP_EXSR->s9
s0-ID->s1
s1-'('->s3
s1-'='->:s2=>11
s3-ID->s4
s4-COLON->s5
s5-ID->s6
s6-')'->s7
s6-COLON->s5
s7-FREE_SEMI->:s8=>2
s9-ID->:s10=>16
s11-ID->:s12=>11
, , , s0-ID->:s1=>2
, , , , , , , , , , , , , , s0-NOT->:s1=>2
, , , , , , , , s0-ID->:s1=>2
, s0-OP_EVAL->s2
s0-ID->:s1=>2
s2-ID->:s3=>1
, , , , , , , , , , , s0-BIF_ADDR->:s1=>2
s0-KEYWORD_POS->:s2=>2
s0-NOT->:s3=>2
s0-ID->:s2=>2
, , , , , , , , , , , , , , , , , , , , , , , , , , , , , , , , , , , , , , , , , , , , , , , , , , , , , , , , , , , , , , , , , , , , , s0-'('->s2
s0-C_FREE_NEWLINE->:s1=>2
s2-')'->:s3=>1
s2-ID->s4
s4-')'->s5
s5-C_FREE_NEWLINE->:s6=>1
, , , , , , , , , , , , , , , , , , , , , , , , , , , , , , , s0-EOF->:s5=>2
s0-DIRECTIVE->:s2=>2
s0-OP_ENDIF->:s4=>2
s0-OP_ENDSR->:s6=>2
s0-OP_IF->:s3=>2
s0-EXEC_SQL->:s7=>2
s0-ID->:s1=>2
, , , , , s0-OP_EVAL->s178
s0-OP_EXSR->s176
s0-ID->s1
s1-'('->s158
s1-'='->s2
s2-BIF_ABS->s3
s2-BIF_ADDR->s12
s2-BIF_ALLOC->s25
s2-BIF_BITAND->s37
s2-BIF_BITNOT->s55
s2-BIF_BITOR->s65
s2-BIF_BITXOR->s83
s2-BIF_CHAR->s97
s2-BIF_CHECK->s110
s2-BIF_CHECKR->s127
s2-BIF_DIFF->s144
s2-BIF_SCAN->s164
s2-BIF_SUBDT->s152
s2-ID->:s175^=>1
s3-'('->s4
s4-ID->s5
s5-'+'->s7
s5-'-'->s7
s5-MULT_NOSPACE->s7
s5-')'->:s6^=>1
s7-NUMBER->s10
s7-ID->s8
s8-')'->:s9^=>1
s10-'+'->s7
s10-')'->:s11^=>1
s12-'('->s13
s13-ID->s14
s14-'('->s16
s14-')'->:s15^=>1
s14-COLON->s22
s16-ID->s17
s17-'+'->s18
s18-NUMBER->s19
s19-')'->s20
s20-')'->:s21^=>1
s22-SPLAT_DATA->s23
s23-')'->:s24^=>1
s25-'('->s26
s26-BIF_LEN->s32
s26-NUMBER->s27
s27-'+'->s29
s27-')'->:s28^=>1
s29-NUMBER->s30
s30-')'->:s31^=>1
s32-'('->s33
s33-ID->s34
s34-')'->s35
s35-MULT_NOSPACE->s29
s35-')'->:s36^=>1
s37-'('->s38
s38-BIF_STR->s48
s38-HexLiteralStart->s43
s38-ID->s39
s39-COLON->s40
s40-HexLiteralStart->s45
s40-ID->s41
s41-')'->:s42^=>1
s41-COLON->s51
s43-StringContent->s43
s43-StringLiteralEnd->s44
s44-COLON->s40
s45-StringContent->s45
s45-StringLiteralEnd->s46
s46-')'->:s47^=>1
s48-'('->s49
s49-ID->s50
s50-')'->s44
s51-HexLiteralStart->s52
s52-StringContent->s52
s52-StringLiteralEnd->s53
s53-')'->:s54^=>1
s55-'('->s56
s56-BIF_STR->s62
s56-HexLiteralStart->s59
s56-ID->s57
s57-')'->:s58^=>1
s59-StringContent->s59
s59-StringLiteralEnd->s60
s60-')'->:s61^=>1
s62-'('->s63
s63-ID->s64
s64-')'->s60
s65-'('->s66
s66-BIF_STR->s76
s66-HexLiteralStart->s71
s66-ID->s67
s67-COLON->s68
s68-HexLiteralStart->s73
s68-ID->s69
s69-')'->:s70^=>1
s69-COLON->s79
s71-StringContent->s71
s71-StringLiteralEnd->s72
s72-COLON->s68
s73-StringContent->s73
s73-StringLiteralEnd->s74
s74-')'->:s75^=>1
s76-'('->s77
s77-ID->s78
s78-')'->s72
s79-HexLiteralStart->s80
s80-StringContent->s80
s80-StringLiteralEnd->s81
s81-')'->:s82^=>1
s83-'('->s84
s84-BIF_STR->s94
s84-HexLiteralStart->s89
s84-ID->s85
s85-COLON->s86
s86-HexLiteralStart->s91
s86-ID->s87
s87-')'->:s88^=>1
s89-StringContent->s89
s89-StringLiteralEnd->s90
s90-COLON->s86
s91-StringContent->s91
s91-StringLiteralEnd->s92
s92-')'->:s93^=>1
s94-'('->s95
s95-ID->s96
s96-')'->s90
s97-'('->s98
s98-BIF_STR->s107
s98-HexLiteralStart->s101
s98-ID->s99
s99-')'->:s100^=>1
s99-COLON->s104
s101-StringContent->s101
s101-StringLiteralEnd->s102
s102-')'->:s103^=>1
s102-COLON->s104
s104-SPLAT_JOBRUN->s105
s104-SPLAT_HMS->s105
s105-')'->:s106^=>1
s107-'('->s108
s108-ID->s109
s109-')'->s102
s110-'('->s111
s111-BIF_STR->s121
s111-StringLiteralStart->s116
s111-ID->s112
s112-COLON->s113
s113-StringLiteralStart->s118
s113-ID->s114
s114-')'->:s115^=>1
s114-COLON->s124
s116-StringContent->s116
s116-StringLiteralEnd->s117
s117-COLON->s113
s118-StringContent->s118
s118-StringLiteralEnd->s119
s119-')'->:s120^=>1
s121-'('->s122
s122-ID->s123
s123-')'->s117
s124-NUMBER->s125
s125-')'->:s126^=>1
s127-'('->s128
s128-BIF_STR->s138
s128-StringLiteralStart->s133
s128-ID->s129
s129-COLON->s130
s130-StringLiteralStart->s135
s130-ID->s131
s131-')'->:s132^=>1
s131-COLON->s141
s133-StringContent->s133
s133-StringLiteralEnd->s134
s134-COLON->s130
s135-StringContent->s135
s135-StringLiteralEnd->s136
s136-')'->:s137^=>1
s138-'('->s139
s139-ID->s140
s140-')'->s134
s141-NUMBER->s142
s142-')'->:s143^=>1
s144-'('->s145
s145-ID->s146
s146-COLON->s147
s147-ID->s148
s148-COLON->s149
s149-SPLAT_SECONDS->s150
s150-')'->:s151^=>1
s152-'('->s153
s153-ID->s154
s154-COLON->s155
s155-SPLAT_H->s156
s155-SPLAT_MN->s156
s155-SPLAT_S->s156
s156-')'->:s157^=>1
s158-ID->s159
s159-COLON->s160
s160-ID->s161
s161-')'->s162
s161-COLON->s160
s162-FREE_SEMI->:s163^=>1
s164-'('->s165
s165-StringLiteralStart->s166
s166-StringContent->s166
s166-StringLiteralEnd->s167
s167-COLON->s168
s168-ID->s169
s169-COLON->s170
s170-KEYWORD_POS->s171
s171-'+'->s172
s172-NUMBER->s173
s173-')'->:s174^=>1
s176-ID->:s177=>1
s178-ID->:s179=>1
, s0-ID->s1
s1-'='->:s2=>1
, s0-BIF_ADDR->:s3=>2
s0-BIF_BITNOT->:s4=>2
s0-SPLAT_ALL->:s7=>3
s0-SPLAT_MDY->:s7=>3
s0-SPLAT_YMD->:s7=>3
s0-SPLAT_JUL->:s7=>3
s0-SPLAT_ISO->:s7=>3
s0-SPLAT_EXTDFT->:s7=>3
s0-SPLAT_INDICATOR->:s7=>3
s0-SPLAT_IN->:s7=>3
s0-SPLAT_JOB->:s7=>3
s0-SPLAT_NULL->:s7=>3
s0-SPLAT_SYS->:s7=>3
s0-SPLAT_USER->:s7=>3
s0-SPLAT_EXTDESC->:s7=>3
s0-SPLAT_CONSTRUCTOR->:s7=>3
s0-SPLAT_LIKEDS->:s7=>3
s0-NUMBER->:s6=>4
s0-StringLiteralStart->:s8=>5
s0-ID->s1
s1-')'->:s5=>3
s1-'.'->:s12=>3
s1-'='->:s2=>3
s1-COLON->:s11=>3
s1-CONTINUATION->s9
s9-ID->s10
s10-')'->:s5=>3
, s0-BIF_ABS->:s3=>9
s0-BIF_ADDR->:s16=>9
s0-BIF_ALLOC->:s22=>9
s0-BIF_BITAND->:s25=>9
s0-BIF_BITNOT->:s28=>9
s0-BIF_BITOR->:s29=>9
s0-BIF_BITXOR->:s30=>9
s0-BIF_CHAR->:s31=>9
s0-BIF_CHECK->:s32=>9
s0-BIF_CHECKR->:s33=>9
s0-BIF_DIFF->:s34=>9
s0-BIF_EOF->:s35=>9
s0-BIF_INT->:s24=>9
s0-BIF_LEN->:s23=>9
s0-BIF_REPLACE->:s55=>9
s0-BIF_SCAN->:s48=>9
s0-BIF_STR->:s27=>9
s0-BIF_SUBDT->:s36=>9
s0-SPLAT_BLANKS->:s53=>6
s0-SPLAT_MDY->:s53=>6
s0-SPLAT_YMD->:s53=>6
s0-SPLAT_JAVA->:s53=>6
s0-SPLAT_ISO->:s53=>6
s0-SPLAT_USA->:s53=>6
s0-SPLAT_INDICATOR->:s53=>6
s0-SPLAT_ON->:s53=>6
s0-SPLAT_OFF->:s53=>6
s0-SPLAT_ZEROS->:s53=>6
s0-SPLAT_INLR->:s53=>6
s0-SPLAT_PROC->:s53=>6
s0-KEYWORD_POS->s1
s0-NOT->s39
s0-'+'->:s56=>3
s0-'('->:s42=>2
s0-NUMBER->:s6=>7
s0-HexLiteralStart->:s26=>8
s0-StringLiteralStart->:s26=>8
s0-ID->s1
s1-AND->:s47=>6
s1-'+'->:s7=>6
s1-'-'->:s5=>6
s1-MULT_NOSPACE->:s8=>6
s1-MULT->:s59=>6
s1-'>'->:s37=>6
s1-'<='->:s37=>6
s1-'<>'->:s37=>6
s1-'('->s9
s1-')'->:s4=>6
s1-'.'->:s64=>6
s1-'='->:s2=>6
s1-COLON->:s21=>6
s1-C_FREE_NEWLINE->:s38=>6
s1-FREE_SEMI->:s60=>6
s1-CONTINUATION->s57
s9-BIF_ADDR->s10
s9-ID->s17
s10-'('->s11
s11-ID->s12
s12-')'->s13
s13-')'->s14
s14-')'->:s20^=>5
s14-C_FREE_NEWLINE->:s15^=>5
s14-FREE_SEMI->:s65^=>5
s17-'+'->s18
s17-')'->s14
s17-'.'->s61
s17-COLON->:s63=>5
s18-NUMBER->s19
s19-')'->s14
s39-SPLAT_INDICATOR->s49
s39-SPLAT_INLR->s49
s39-ID->s40
s40-AND->s43
s40-C_FREE_NEWLINE->:s41=>1
s43-NOT->s50
s43-ID->s44
s44-'<>'->s43
s44-')'->s45
s45-OR->:s46^=>1
s49-AND->s43
s49-FREE_SEMI->:s54^=>1
s50-SPLAT_INDICATOR->s51
s51-FREE_SEMI->:s52^=>1
s57-ID->s58
s58-')'->:s4=>6
s58-'='->:s2=>6
s58-CONTINUATION->s57
s61-ID->s62
s62-COLON->:s63=>5
, , s0-AND->:s5=>[({9>=prec}?, 8)]
s0-OR->:s7=>[({8>=prec}?, 9)]
s0-'+'->:s3=>[({12>=prec}?, 5)]
s0-'-'->:s2=>[({11>=prec}?, 6)]
s0-MULT_NOSPACE->:s4=>[({14>=prec}?, 3)]
s0-MULT->:s4=>[({14>=prec}?, 3)]
s0-'/'->:s8=>[({13>=prec}?, 4)]
s0-'>'->:s6=>[({16>=prec}?, 1)]
s0-'>='->:s6=>[({16>=prec}?, 1)]
s0-'<='->:s6=>[({16>=prec}?, 1)]
s0-'<>'->:s6=>[({16>=prec}?, 1)]
s0-'='->:s1^=>[({16>=prec}?, 1), ({10>=prec}?, 7)]
, s0-AND->:s172^=>1
s0-OR->:s175^=>1
s0-'+'->s15
s0-'-'->s12
s0-MULT_NOSPACE->:s21^=>1
s0-MULT->:s216^=>1
s0-'/'->:s211^=>1
s0-'>'->:s181^=>1
s0-'>='->:s177^=>1
s0-')'->:s6=>2
s0-'='->s1
s0-COLON->:s28=>2
s0-C_FREE_NEWLINE->:s8=>2
s0-FREE_SEMI->:s19=>2
s1-BIF_ABS->s2
s1-BIF_ADDR->s24
s1-BIF_ALLOC->s33
s1-BIF_BITAND->s48
s1-BIF_BITNOT->s66
s1-BIF_BITOR->s76
s1-BIF_BITXOR->s94
s1-BIF_CHAR->s108
s1-BIF_CHECK->s121
s1-BIF_CHECKR->s138
s1-BIF_DIFF->s155
s1-BIF_REPLACE->s182
s1-BIF_SUBDT->s163
s1-SPLAT_ON->:s200^=>1
s1-SPLAT_OFF->:s201^=>1
s1-SPLAT_ZEROS->:s217^=>1
s1-'('->s205
s1-NUMBER->:s180^=>1
s1-StringLiteralStart->s169
s1-ID->:s23^=>1
s2-'('->s3
s3-ID->s4
s4-'+'->s9
s4-'-'->s9
s4-')'->:s5^=>1
s7-AND->:s171=>2
s7-OR->:s218=>2
s7-'+'->:s213=>2
s7-'/'->:s210=>2
s7-')'->:s6=>2
s7-C_FREE_NEWLINE->:s8=>2
s7-FREE_SEMI->:s19=>2
s9-NUMBER->s10
s10-'+'->s9
s10-'-'->s9
s10-')'->:s11^=>1
s12-BIF_ADDR->s29
s12-NUMBER->:s13^=>1
s12-ID->:s176^=>1
s14-'+'->s15
s14-')'->:s6=>2
s14-FREE_SEMI->:s19=>2
s15-NUMBER->:s16^=>1
s15-StringLiteralStart->s214
s15-ID->:s20^=>1
s17-'-'->:s18=>2
s17-')'->:s6=>2
s17-C_FREE_NEWLINE->:s8=>2
s17-FREE_SEMI->:s19=>2
s22-'+'->:s213=>2
s22-')'->:s6=>2
s24-'('->s25
s25-ID->s26
s26-')'->:s27^=>1
s26-CONTINUATION->s202
s29-'('->s30
s30-ID->s31
s31-')'->:s32^=>1
s33-'('->s34
s34-BIF_INT->s45
s34-BIF_LEN->s40
s34-NUMBER->s35
s35-'+'->s37
s35-')'->:s36^=>1
s37-NUMBER->s38
s38-'+'->s37
s38-'-'->s37
s38-')'->:s39^=>1
s40-'('->s41
s41-ID->s42
s42-')'->s43
s43-'+'->s37
s43-')'->:s44^=>1
s45-'('->s46
s46-NUMBER->s47
s47-')'->s43
s48-'('->s49
s49-BIF_STR->s59
s49-HexLiteralStart->s54
s49-ID->s50
s50-COLON->s51
s51-HexLiteralStart->s56
s51-ID->s52
s52-')'->:s53^=>1
s52-COLON->s62
s54-StringContent->s54
s54-StringLiteralEnd->s55
s55-COLON->s51
s56-StringContent->s56
s56-StringLiteralEnd->s57
s57-')'->:s58^=>1
s59-'('->s60
s60-ID->s61
s61-')'->s55
s62-HexLiteralStart->s63
s63-StringContent->s63
s63-StringLiteralEnd->s64
s64-')'->:s65^=>1
s66-'('->s67
s67-BIF_STR->s73
s67-HexLiteralStart->s70
s67-ID->s68
s68-')'->:s69^=>1
s70-StringContent->s70
s70-StringLiteralEnd->s71
s71-')'->:s72^=>1
s73-'('->s74
s74-ID->s75
s75-')'->s71
s76-'('->s77
s77-BIF_STR->s87
s77-HexLiteralStart->s82
s77-ID->s78
s78-COLON->s79
s79-HexLiteralStart->s84
s79-ID->s80
s80-')'->:s81^=>1
s80-COLON->s90
s82-StringContent->s82
s82-StringLiteralEnd->s83
s83-COLON->s79
s84-StringContent->s84
s84-StringLiteralEnd->s85
s85-')'->:s86^=>1
s87-'('->s88
s88-ID->s89
s89-')'->s83
s90-HexLiteralStart->s91
s91-StringContent->s91
s91-StringLiteralEnd->s92
s92-')'->:s93^=>1
s94-'('->s95
s95-BIF_STR->s105
s95-HexLiteralStart->s100
s95-ID->s96
s96-COLON->s97
s97-HexLiteralStart->s102
s97-ID->s98
s98-')'->:s99^=>1
s100-StringContent->s100
s100-StringLiteralEnd->s101
s101-COLON->s97
s102-StringContent->s102
s102-StringLiteralEnd->s103
s103-')'->:s104^=>1
s105-'('->s106
s106-ID->s107
s107-')'->s101
s108-'('->s109
s109-BIF_STR->s118
s109-HexLiteralStart->s112
s109-ID->s110
s110-')'->:s111^=>1
s110-COLON->s115
s112-StringContent->s112
s112-StringLiteralEnd->s113
s113-')'->:s114^=>1
s113-COLON->s115
s115-SPLAT_JOBRUN->s116
s115-SPLAT_HMS->s116
s116-')'->:s117^=>1
s118-'('->s119
s119-ID->s120
s120-')'->s113
s121-'('->s122
s122-BIF_STR->s132
s122-StringLiteralStart->s127
s122-ID->s123
s123-COLON->s124
s124-StringLiteralStart->s129
s124-ID->s125
s125-')'->:s126^=>1
s125-COLON->s135
s127-StringContent->s127
s127-StringLiteralEnd->s128
s128-COLON->s124
s129-StringContent->s129
s129-StringLiteralEnd->s130
s130-')'->:s131^=>1
s132-'('->s133
s133-ID->s134
s134-')'->s128
s135-NUMBER->s136
s136-')'->:s137^=>1
s138-'('->s139
s139-BIF_STR->s149
s139-StringLiteralStart->s144
s139-ID->s140
s140-COLON->s141
s141-StringLiteralStart->s146
s141-ID->s142
s142-')'->:s143^=>1
s142-COLON->s152
s144-StringContent->s144
s144-StringLiteralEnd->s145
s145-COLON->s141
s146-StringContent->s146
s146-StringLiteralEnd->s147
s147-')'->:s148^=>1
s149-'('->s150
s150-ID->s151
s151-')'->s145
s152-NUMBER->s153
s153-')'->:s154^=>1
s155-'('->s156
s156-ID->s157
s157-COLON->s158
s158-ID->s159
s159-COLON->s160
s160-SPLAT_SECONDS->s161
s161-')'->:s162^=>1
s163-'('->s164
s164-ID->s165
s165-COLON->s166
s166-SPLAT_H->s167
s166-SPLAT_MN->s167
s166-SPLAT_S->s167
s167-')'->:s168^=>1
s169-StringContent->s169
s169-StringLiteralEnd->:s170^=>1
s173-AND->:s171=>2
s173-OR->:s218=>2
s173-'<='->:s178^=>1
s173-'<>'->:s174^=>1
s173-')'->:s6=>2
s173-'='->s1
s173-C_FREE_NEWLINE->:s8=>2
s173-FREE_SEMI->:s19=>2
s179-C_FREE_NEWLINE->:s8=>2
s179-FREE_SEMI->:s19=>2
s182-'('->s183
s183-StringLiteralStart->s184
s184-StringContent->s184
s184-StringLiteralEnd->s185
s185-COLON->s186
s186-ID->s187
s187-COLON->s188
s188-'+'->s189
s189-BIF_SCAN->s190
s190-'('->s191
s191-StringLiteralStart->s192
s192-StringContent->s192
s192-StringLiteralEnd->s193
s193-COLON->s194
s194-ID->s195
s195-')'->s196
s196-COLON->s197
s197-NUMBER->s198
s198-')'->:s199^=>1
s202-ID->s203
s203-')'->:s204^=>1
s205-ID->s206
s206-MULT_NOSPACE->s207
s207-ID->s208
s208-')'->:s209^=>1
s212-'+'->:s213=>2
s214-StringContent->s214
s214-StringLiteralEnd->:s215^=>1
, , , , s0-SPLAT_ALL->:s17=>3
s0-SPLAT_BLANKS->:s17=>3
s0-SPLAT_MDY->:s17=>3
s0-SPLAT_YMD->:s17=>3
s0-SPLAT_JUL->:s17=>3
s0-SPLAT_JAVA->:s17=>3
s0-SPLAT_ISO->:s17=>3
s0-SPLAT_USA->:s17=>3
s0-SPLAT_EXTDFT->:s17=>3
s0-SPLAT_INDICATOR->:s17=>3
s0-SPLAT_IN->:s17=>3
s0-SPLAT_JOB->:s17=>3
s0-SPLAT_NULL->:s17=>3
s0-SPLAT_ON->:s17=>3
s0-SPLAT_OFF->:s17=>3
s0-SPLAT_SYS->:s17=>3
s0-SPLAT_USER->:s17=>3
s0-SPLAT_ZEROS->:s17=>3
s0-SPLAT_INLR->:s17=>3
s0-SPLAT_EXTDESC->:s17=>3
s0-SPLAT_STRING->:s17=>3
s0-SPLAT_CONSTRUCTOR->:s17=>3
s0-SPLAT_LIKEDS->:s17=>3
s0-SPLAT_NOPASS->:s17=>3
s0-SPLAT_PROC->:s17=>3
s0-SPLAT_STATUS->:s17=>3
s0-DATE_->s1
s0-KEYWORD_POS->s1
s0-KEYWORD_VALUE->s1
s0-KEYWORD_PGMNAME->s1
s0-MULT_NOSPACE->s31
s0-ID->s1
s1-SPLAT_PROC->:s38^=>1
s1-SPLAT_STATUS->:s39^=>1
s1-CHAR->:s13^=>1
s1-VARCHAR->:s29^=>1
s1-UCS2->:s41^=>1
s1-DATE_->:s51^=>1
s1-VARUCS2->:s42^=>1
s1-GRAPH->:s43^=>1
s1-VARGRAPH->:s44^=>1
s1-IND->:s55^=>1
s1-PACKED->:s28^=>1
s1-ZONED->:s56^=>1
s1-BINDEC->:s45^=>1
s1-INT->:s30^=>1
s1-UNS->:s46^=>1
s1-FLOAT->:s47^=>1
s1-TIME->:s52^=>1
s1-TIMESTAMP->:s53^=>1
s1-POINTER->:s49^=>1
s1-OBJECT->:s54^=>1
s1-KEYWORD_CONST->:s26^=>1
s1-KEYWORD_EXT->:s36^=>1
s1-KEYWORD_EXTPGM->:s48^=>1
s1-KEYWORD_LEN->:s35^=>1
s1-KEYWORD_LIKE->:s40^=>1
s1-KEYWORD_LIKEREC->:s34^=>1
s1-KEYWORD_PSDS->:s37^=>1
s1-AND->:s10^=>1
s1-'+'->:s5^=>1
s1-'-'->:s4^=>1
s1-MULT_NOSPACE->:s6^=>1
s1-MULT->:s23^=>1
s1-'>'->:s18^=>1
s1-'<='->:s11^=>1
s1-'<>'->:s8^=>1
s1-'('->s14
s1-')'->:s3^=>1
s1-'.'->s24
s1-'='->:s2^=>1
s1-COLON->:s7^=>1
s1-StringLiteralStart->:s27^=>1
s1-C_FREE_NEWLINE->:s9^=>1
s1-FREE_SEMI->:s12^=>1
s1-CONTINUATION->s19
s14-ID->s15
s15-COLON->:s16^=>1
s19-ID->s20
s20-')'->:s21^=>1
s20-'='->:s22^=>1
s20-CONTINUATION->s19
s24-ID->:s25=>2
s31-ID->s32
s32-POINTER->:s50^=>1
s32-FREE_SEMI->:s33^=>1
, s0-AND->:s2=>2
s0-OR->:s6=>2
s0-')'->:s1=>2
s0-'='->:s4=>2
s0-COLON->:s7=>2
s0-StringLiteralStart->s8
s0-C_FREE_NEWLINE->:s5=>2
s0-FREE_SEMI->:s3=>2
s8-StringContent->s8
s8-StringLiteralEnd->s9
s9-')'->s10
s10-FREE_SEMI->:s12^=>1
s10-EOL->:s11^=>1
, s0-ID->s1
s1-'.'->:s2=>1
, s0-ID->s1
s1-')'->:s3=>1
s1-COLON->:s2=>1
, s0-')'->:s4=>2
s0-'.'->s1
s0-COLON->:s3=>2
s1-ID->:s2=>1
, , , s0-AND->:s4=>2
s0-'+'->:s3=>2
s0-'-'->:s2=>2
s0-')'->:s1=>2
s0-COLON->:s9=>2
s0-C_FREE_NEWLINE->:s6=>2
s0-FREE_SEMI->:s5=>2
s0-NumberPart->:s7=>1
s0-EOL->:s8=>2
, , s0-DATE_->s1
s0-KEYWORD_POS->s1
s0-KEYWORD_VALUE->s1
s0-KEYWORD_PGMNAME->s1
s0-MULT_NOSPACE->:s19=>2
s0-ID->s1
s1-SPLAT_PROC->:s24=>2
s1-SPLAT_STATUS->:s24=>2
s1-CHAR->:s13=>2
s1-VARCHAR->:s13=>2
s1-UCS2->:s13=>2
s1-DATE_->:s13=>2
s1-VARUCS2->:s13=>2
s1-GRAPH->:s13=>2
s1-VARGRAPH->:s13=>2
s1-IND->:s13=>2
s1-PACKED->:s13=>2
s1-ZONED->:s13=>2
s1-BINDEC->:s13=>2
s1-INT->:s13=>2
s1-UNS->:s13=>2
s1-FLOAT->:s13=>2
s1-TIME->:s13=>2
s1-TIMESTAMP->:s13=>2
s1-POINTER->:s13=>2
s1-OBJECT->:s13=>2
s1-KEYWORD_CONST->:s17=>2
s1-KEYWORD_EXT->:s22=>2
s1-KEYWORD_EXTPGM->:s26=>2
s1-KEYWORD_LEN->:s21=>2
s1-KEYWORD_LIKE->:s25=>2
s1-KEYWORD_LIKEREC->:s20=>2
s1-KEYWORD_PSDS->:s23=>2
s1-AND->:s11=>2
s1-'+'->:s5=>2
s1-'-'->:s4=>2
s1-MULT_NOSPACE->:s6=>2
s1-MULT->:s15=>2
s1-'>'->:s9=>2
s1-'<='->:s9=>2
s1-'<>'->:s9=>2
s1-'('->:s7=>2
s1-')'->:s3=>2
s1-'.'->:s16=>2
s1-'='->:s2=>2
s1-COLON->:s8=>2
s1-StringLiteralStart->:s18=>2
s1-C_FREE_NEWLINE->:s10=>2
s1-FREE_SEMI->:s12=>2
s1-CONTINUATION->:s14=>1
, s0-ID->s1
s1-')'->:s2=>2
s1-'='->:s4=>2
s1-CONTINUATION->:s3=>1
, ]]>
	at org.rpgleparser.integration.TestFiles.test(TestFiles.java:187)

[INFO] Running org.rpgleparser.integration.TestPGMInFolder
D_FREE_NEWLINE
D_FREE_NEWLINE
D_FREE_NEWLINE
EMPTY_NEWLINE
EMPTY_NEWLINE
D_FREE_NEWLINE
D_FREE_NEWLINE
D_FREE_NEWLINE
EMPTY_NEWLINE
D_FREE_NEWLINE
D_FREE_NEWLINE
EMPTY_NEWLINE
EMPTY_NEWLINE
EMPTY_NEWLINE
EMPTY_NEWLINE
EMPTY_NEWLINE
FREE_Start_ID
FREE_NEWLINE
FREE_SEMI
FREE_Start_ID
FREE_SEMI
FREE_SEMI
FREE_Start_ID
FREE_SEMI
FREE_SEMI
FREE_SEMI
EMPTY_NEWLINE
EMPTY_NEWLINE
FREE_Start_NoSpace
FREE_SEMI
FREE_SEMI
FREE_SEMI
FREE_Start_NoSpace
FREE_SEMI
FREE_SEMI
EMPTY_NEWLINE
FREE_Start_ID
FREE_SEMI
FREE_SEMI
EMPTY_NEWLINE
FREE_SEMI
FREE_SEMI
EMPTY_NEWLINE
EMPTY_NEWLINE
FREE_Start_NoSpace
FREE_SEMI
FREE_SEMI
FREE_SEMI
FREE_Start_NoSpace
FREE_SEMI
FREE_SEMI
FREE_SEMI
EMPTY_NEWLINE
FREE_SEMI
EMPTY_NEWLINE
FREE_SEMI
EMPTY_NEWLINE
FREE_SEMI
EMPTY_NEWLINE
EMPTY_NEWLINE
FREE_Start_NoSpace
FREE_SEMI
FREE_SEMI
FREE_SEMI
FREE_Start_NoSpace
FREE_SEMI
FREE_SEMI
EMPTY_NEWLINE
FREE_Start_ID
FREE_SEMI
FREE_SEMI
FREE_SEMI
FREE_SEMI
EMPTY_NEWLINE
FREE_SEMI
EMPTY_NEWLINE
FREE_Start_NoSpace
FREE_SEMI
EMPTY_NEWLINE
FREE_SEMI
EMPTY_NEWLINE
FREE_SEMI
EMPTY_NEWLINE
[WARNING] Tests run: 2, Failures: 0, Errors: 0, Skipped: 1, Time elapsed: 0.086 s - in org.rpgleparser.integration.TestPGMInFolder
[INFO] Running org.rpgleparser.TestC
C_FREE_NEWLINE
EMPTY_NEWLINE
C_FREE_NEWLINE
GUTTER_COMMENTS
C_FREE_NEWLINE
C_FREE_NEWLINE
EMPTY_NEWLINE
C_FREE_NEWLINE
[INFO] Tests run: 18, Failures: 0, Errors: 0, Skipped: 0, Time elapsed: 0.084 s - in org.rpgleparser.TestC
[INFO] Running org.rpgleparser.TestCFactors
[INFO] Tests run: 6, Failures: 0, Errors: 0, Skipped: 0, Time elapsed: 0.01 s - in org.rpgleparser.TestCFactors
[INFO] Running org.rpgleparser.TestContinuation
FREE_Start_ID
FREE_SEMI
FREE_Start_ID
FREE_SEMI
C_FREE_NEWLINE
C_FREE_NEWLINE
C_FREE_NEWLINE
FREE_Start_ID
FREE_NEWLINE
FREE_SEMI
FREE_Start_ID
FREE_SEMI
FREE_Start_ID
FREE_SEMI
C_FREE_NEWLINE
[INFO] Tests run: 8, Failures: 0, Errors: 0, Skipped: 0, Time elapsed: 0.154 s - in org.rpgleparser.TestContinuation
[INFO] Running org.rpgleparser.TestCOperationAndExtender
[INFO] Tests run: 4, Failures: 0, Errors: 0, Skipped: 0, Time elapsed: 0.007 s - in org.rpgleparser.TestCOperationAndExtender
[INFO] Running org.rpgleparser.TestD
D_FREE_NEWLINE
D_FREE_NEWLINE
[INFO] Tests run: 2, Failures: 0, Errors: 0, Skipped: 0, Time elapsed: 0.01 s - in org.rpgleparser.TestD
[INFO] Running org.rpgleparser.TestDirective
[INFO] Tests run: 4, Failures: 0, Errors: 0, Skipped: 0, Time elapsed: 0.007 s - in org.rpgleparser.TestDirective
[INFO] Running org.rpgleparser.TestF
F_FREE_NEWLINE
[INFO] Tests run: 1, Failures: 0, Errors: 0, Skipped: 0, Time elapsed: 0.001 s - in org.rpgleparser.TestF
[INFO] Running org.rpgleparser.TestFixedC
[INFO] Tests run: 2, Failures: 0, Errors: 0, Skipped: 0, Time elapsed: 0.001 s - in org.rpgleparser.TestFixedC
[INFO] Running org.rpgleparser.TestFREE
FREE_NEWLINE
FREE_NEWLINE
FREE_SEMI
FREE_SEMI
FREE_Start_NoSpace
FREE_SEMI
EMPTY_NEWLINE
FREE_Start_ID
FREE_SEMI
FREE_SEMI
FREE_SEMI
EMPTY_NEWLINE
FREE_SEMI
FREE_SEMI
FREE_NEWLINE
FREE_SEMI
FREE_Start_ID
FREE_SEMI
FREE_Start_NoSpace
FREE_SEMI
FREE_SEMI
FREE_SEMI
FREE_SEMI
FREE_SEMI
FREE_Start_NoSpace
FREE_SEMI
FREE_Start_ID
FREE_SEMI
FREE_Start_ID
FREE_SEMI
FREE_Start_NoSpace
FREE_SEMI
FREE_NEWLINE
FREE_NEWLINE
FREE_SEMI
FREE_SEMI
FREE_SEMI
FREE_Start_ID
FREE_NEWLINE
FREE_SEMI
FREE_Start_ID
FREE_SEMI
FREE_Start_ID
FREE_SEMI
FREE_Start_NoSpace
FREE_SEMI
FREE_SEMI
FREE_Start_ID
FREE_SEMI
FREE_Start_NoSpace
FREE_SEMI
FREE_Start_ID
FREE_SEMI
FREE_Start_ID
FREE_SEMI
FREE_Start_ID
FREE_NEWLINE
FREE_SEMI
FREE_Start_NoSpace
FREE_SEMI
FREE_SEMI
FREE_Start_ID
FREE_SEMI
FREE_Start_ID
FREE_SEMI
FREE_Start_NoSpace
FREE_SEMI
FREE_SEMI
FREE_SEMI
FREE_SEMI
FREE_SEMI
FREE_NEWLINE
FREE_COMMENTS
FREE_SEMI
FREE_SEMI
FREE_Start_ID
FREE_SEMI
FREE_Start_ID
FREE_SEMI
FREE_SEMI
FREE_Start_ID
FREE_SEMI
FREE_Start_ID
FREE_SEMI
FREE_Start_ID
FREE_SEMI
FREE_SEMI
FREE_Start_ID
FREE_SEMI
FREE_SEMI
FREE_SEMI
FREE_SEMI
FREE_COMMENTS
FREE_SEMI
FREE_SEMI
FREE_SEMI
FREE_SEMI
FREE_SEMI
FREE_SEMI
FREE_SEMI
FREE_SEMI
FREE_Start_ID
FREE_SEMI
FREE_Start_ID
FREE_SEMI
FREE_SEMI
FREE_SEMI
FREE_Start_ID
FREE_SEMI
FREE_Start_ID
FREE_SEMI
EMPTY_NEWLINE
FREE_SEMI
FREE_Start_NoSpace
FREE_SEMI
FREE_Start_ID
FREE_SEMI
FREE_Start_ID
FREE_SEMI
FREE_Start_ID
FREE_SEMI
FREE_Start_ID
FREE_SEMI
[INFO] Tests run: 59, Failures: 0, Errors: 0, Skipped: 0, Time elapsed: 0.499 s - in org.rpgleparser.TestFREE
[INFO] Running org.rpgleparser.TestH
[INFO] Tests run: 4, Failures: 0, Errors: 0, Skipped: 0, Time elapsed: 0.004 s - in org.rpgleparser.TestH
[INFO] Running org.rpgleparser.TestI
[INFO] Tests run: 4, Failures: 0, Errors: 0, Skipped: 0, Time elapsed: 0.006 s - in org.rpgleparser.TestI
[INFO] Running org.rpgleparser.TestO
O_FREE_NEWLINE
O_FREE_NEWLINE
O_FREE_NEWLINE
[INFO] Tests run: 5, Failures: 0, Errors: 0, Skipped: 0, Time elapsed: 0.008 s - in org.rpgleparser.TestO
[INFO] Running org.rpgleparser.TestOPCode
FREE_SEMI
FREE_SEMI
FREE_SEMI
FREE_SEMI
FREE_SEMI
FREE_SEMI
FREE_SEMI
FREE_SEMI
FREE_SEMI
FREE_SEMI
FREE_SEMI
FREE_NEWLINE
FREE_SEMI
FREE_SEMI
[INFO] Tests run: 11, Failures: 0, Errors: 0, Skipped: 0, Time elapsed: 0.093 s - in org.rpgleparser.TestOPCode
[INFO] Running org.rpgleparser.TestP
D_FREE_NEWLINE
D_FREE_NEWLINE
D_FREE_NEWLINE
D_FREE_NEWLINE
[INFO] Tests run: 2, Failures: 0, Errors: 0, Skipped: 0, Time elapsed: 0.012 s - in org.rpgleparser.TestP
[INFO] Running org.rpgleparser.utils.TestFixedWidthBufferedReader
[INFO] Tests run: 4, Failures: 0, Errors: 0, Skipped: 0, Time elapsed: 0.001 s - in org.rpgleparser.utils.TestFixedWidthBufferedReader
[INFO] Running org.rpgleparser.utils.TestFixedWidthInputStream
[INFO] Tests run: 4, Failures: 0, Errors: 0, Skipped: 0, Time elapsed: 0 s - in org.rpgleparser.utils.TestFixedWidthInputStream
[INFO] 
[INFO] Results:
[INFO] 
[ERROR] Failures: 
[ERROR]   TestFiles.test:187 
Expected: is an empty collection
     but: <[Line: 2 mismatched input 'SRCFIL' expecting {DIR_DEFINE, DIR_NOT, DIR_Slash, StringLiteralStart, DIR_OtherTextf}[s0-DS_FIXED->s9
s0-FS_FIXED->:s35=>5
s0-OS_FIXED->:s37=>5
s0-CS_FIXED->s1
s0-CS_ExecSQL->:s18=>5
s0-PS_FIXED->:s20=>6
s0-HS_FIXED->:s34=>5
s0-DIRECTIVE->:s7=>5
s0-OP_BEGSR->s41
s0-OP_DOW->:s21=>5
s0-OP_IF->:s14=>5
s0-DS_Standalone->:s48=>5
s0-DS_DataStructureStart->:s17=>5
s0-DS_PrototypeStart->:s46=>1
s0-DS_ProcedureInterfaceStart->:s45=>2
s0-DS_Constant->:s43=>5
s0-FS_FreeFile->:s44=>5
s0-ID->:s8=>5
s1-BlankIndicator->s2
s2-BlankFlag->s3
s3-BlankIndicator->s4
s3-GeneralIndicator->s22
s4-SPLAT_LIKE->s39
s4-'              '->s5
s4-CS_FactorContent->s29
s5-OP_EVAL->:s6=>5
s5-OP_IF->:s15=>5
s5-OP_SELECT->:s19=>5
s9-CONTINUATION_NAME->s32
s9-NAME->s10
s10-EXTERNAL_DESCRIPTION->s11
s11-DATA_STRUCTURE_TYPE->s12
s12-DEF_TYPE_C->:s36=>5
s12-DEF_TYPE_PI->:s47=>2
s12-DEF_TYPE_PR->:s33=>1
s12-DEF_TYPE_DS->:s16=>5
s12-DEF_TYPE_S->:s13=>5
s22-EOL->s23
s22-'              '->s27
s23-CS_FIXED->s24
s24-AndIndicator->s25
s25-NoFlag->s26
s26-GeneralIndicator->s22
s27-OP_DOU->:s28=>5
s27-OP_SETON->:s31=>5
s29-OP_BEGSR->:s30=>4
s29-OP_TAG->:s38=>5
s32-CONTINUATION_NAME->s32
s32-NAME->s10
s39-OP_DEFINE->:s40=>5
s41-ID->:s42=>4
, , , s0-DS_FIXED->s9
s0-FS_FIXED->s33
s0-OS_FIXED->s44
s0-CS_FIXED->s1
s0-CS_ExecSQL->:s18=>11
s0-HS_FIXED->:s32=>13
s0-DIRECTIVE->:s7=>17
s0-OP_DOW->:s20=>8
s0-OP_EVAL->:s53=>18
s0-OP_EXSR->:s52=>18
s0-OP_IF->:s14=>8
s0-DS_Standalone->:s58=>1
s0-DS_DataStructureStart->:s17=>2
s0-DS_Constant->:s54=>3
s0-FS_FreeFile->:s56=>6
s0-EXEC_SQL->:s51=>18
s0-ID->:s8=>18
s1-BlankIndicator->s2
s2-BlankFlag->s3
s3-BlankIndicator->s4
s3-GeneralIndicator->s22
s4-SPLAT_LIKE->s48
s4-'              '->s5
s4-CS_FactorContent->s46
s5-OP_EVAL->:s6=>9
s5-OP_EXSR->:s29=>9
s5-OP_IF->:s15=>8
s5-OP_RETURN->:s21=>9
s5-OP_SELECT->:s19=>8
s9-CONTINUATION_NAME->s31
s9-NAME->s10
s10-EXTERNAL_DESCRIPTION->s11
s11-DATA_STRUCTURE_TYPE->s12
s12-DEF_TYPE_C->s35
s12-DEF_TYPE_DS->:s16=>2
s12-DEF_TYPE_S->:s13=>1
s22-EOL->s23
s22-'              '->s27
s23-CS_FIXED->s24
s24-AndIndicator->s25
s25-NoFlag->s26
s26-GeneralIndicator->s22
s27-OP_DOU->:s28=>8
s27-OP_SETON->:s30=>9
s31-CONTINUATION_NAME->s31
s31-NAME->s10
s33-FS_RecordName->:s34=>7
s35-FROM_POSITION->s36
s36-TO_POSITION->s37
s37-DATA_TYPE->s38
s38-DECIMAL_POSITIONS->s39
s39-RESERVED->s40
s40-BIF_ELEM->:s57=>3
s40-SPLAT_ON->:s55=>3
s40-SPLAT_OFF->:s55=>3
s40-KEYWORD_CONST->:s41=>3
s40-NUMBER->:s42=>1
s40-GraphicLiteralStart->:s43=>3
s40-StringLiteralStart->:s43=>3
s44-OS_FieldReserved->:s45=>5
s46-OP_READE->:s50=>9
s46-OP_TAG->:s47=>9
s48-OP_DEFINE->:s49=>9
, , , , , , s0-EOF->:s1=>2
s0-DS_FIXED->:s3=>2
s0-DS_Standalone->:s2=>2
, , s0-DS_FIXED->s1
s0-DS_Standalone->:s7=>1
s1-CONTINUATION_NAME->s1
s1-NAME->s2
s2-EXTERNAL_DESCRIPTION->s3
s3-DATA_STRUCTURE_TYPE->s4
s4-DEF_TYPE_C->:s6=>2
s4-DEF_TYPE_S->:s5=>3
, , , , , s0-SPLAT_MDY->s1
s0-SPLAT_YMD->s1
s0-SPLAT_JUL->s1
s0-SPLAT_ISO->s1
s1-')'->:s2^=>1
, , s0-StringLiteralStart->:s1=>2
, s0-StringLiteralStart->s1
s1-StringContent->s1
s1-StringLiteralEnd->:s2^=>1
, , , , , , s0-SPLAT_JAVA->s2
s0-StringLiteralStart->:s1=>3
s2-COLON->s3
s3-StringLiteralStart->s4
s4-StringContent->s4
s4-StringLiteralEnd->s5
s5-COLON->:s6=>1
, , , , , , , s0-SPLAT_NEXT->s2
s0-NUMBER->:s1=>2
s2-')'->:s3^=>1
, , , , , , , , , , s0-SPLAT_EXTDESC->s1
s0-StringLiteralStart->:s3=>1
s0-ID->:s4=>1
s1-')'->:s2^=>1
, , , , , , , , s0-DS_DataStructureEnd->:s9=>2
s0-KEYWORD_EXT->:s10=>1
s0-KEYWORD_LEN->:s8=>1
s0-KEYWORD_LIKEREC->s2
s0-KEYWORD_QUALIFIED->:s12=>1
s0-KEYWORD_PSDS->:s11=>1
s0-FREE_SEMI->:s1=>2
s2-'('->s3
s3-ID->s4
s4-')'->s5
s5-FREE_SEMI->s6
s6-EOF->:s7=>2
, , , , , , , s0-DS_FIXED->s1
s1-NAME->s2
s2-EXTERNAL_DESCRIPTION->s3
s3-DATA_STRUCTURE_TYPE->s4
s4-DEF_TYPE_BLANK->s5
s5-FROM_POSITION->s6
s6-TO_POSITION->s7
s7-DATA_TYPE->s8
s8-DECIMAL_POSITIONS->s9
s9-RESERVED->s10
s10-KEYWORD_OVERLAY->s18
s10-EOL->s11
s11-EOF->:s12=>2
s11-DS_FIXED->s13
s11-DS_DataStructureStart->:s24=>2
s13-NAME->s14
s14-EXTERNAL_DESCRIPTION->s15
s15-DATA_STRUCTURE_TYPE->s16
s16-DEF_TYPE_BLANK->:s17=>1
s18-'('->s19
s19-ID->s20
s20-')'->s10
s20-COLON->s21
s21-SPLAT_NEXT->s23
s21-NUMBER->s22
s22-')'->s10
s23-')'->s10
, s0-EOF->:s7=>2
s0-DS_FIXED->s1
s0-DS_DataStructureStart->:s6=>2
s1-NAME->s2
s2-EXTERNAL_DESCRIPTION->s3
s3-DATA_STRUCTURE_TYPE->s4
s4-DEF_TYPE_BLANK->:s5=>1
, , , s0-SPLAT_PROC->:s8=>2
s0-SPLAT_STATUS->:s8=>2
s0-CHAR->s1
s0-VARCHAR->s1
s0-PACKED->s1
s0-INT->s1
s1-'('->s2
s2-NUMBER->s3
s3-')'->s4
s3-COLON->:s6=>1
s4-KEYWORD_POS->:s7^=>1
s4-FREE_SEMI->:s5^=>1
, , , s0-VARCHAR->s1
s0-INT->s1
s0-KEYWORD_EXTPGM->:s6=>2
s1-'('->s2
s2-NUMBER->s3
s3-')'->s4
s4-KEYWORD_DIM->:s5=>1
s4-KEYWORD_EXTPROC->:s7=>1
, s0-KEYWORD_DIM->s1
s0-KEYWORD_EXTPGM->s7
s0-KEYWORD_EXTPROC->s8
s0-FREE_SEMI->:s6=>2
s1-'('->s2
s2-NUMBER->s3
s3-')'->s4
s4-FREE_SEMI->:s5=>1
s7-FREE_SEMI->:s5=>1
s8-'('->s9
s9-StringLiteralStart->s10
s10-StringContent->s10
s10-StringLiteralEnd->s11
s11-')'->s4
, , , , s0-EOF->:s7=>2
s0-DS_FIXED->s1
s0-CS_FIXED->:s8=>2
s1-CONTINUATION_NAME->s2
s1-NAME->s3
s2-NAME->s3
s3-EXTERNAL_DESCRIPTION->s4
s4-DATA_STRUCTURE_TYPE->s5
s5-DEF_TYPE_PI->:s10=>2
s5-DEF_TYPE_PR->:s9=>2
s5-DEF_TYPE_BLANK->:s6=>1
, , , , , s0-FREE_SEMI->:s1=>2
, s0-FREE_SEMI->:s1=>2
, , , s0-EOF->:s10=>2
s0-DS_FIXED->s1
s0-PS_FIXED->:s8=>2
s0-DIRECTIVE->:s6=>2
s1-CONTINUATION_NAME->s9
s1-NAME->s2
s2-EXTERNAL_DESCRIPTION->s3
s3-DATA_STRUCTURE_TYPE->s4
s4-DEF_TYPE_S->:s7=>2
s4-DEF_TYPE_BLANK->:s5=>1
s9-NAME->s2
, , , , , , , , , , s0-CS_FIXED->s5
s0-OP_DOW->s1
s1-NOT->s2
s2-SPLAT_INLR->s3
s3-FREE_SEMI->:s4^=>4
s5-BlankIndicator->s6
s5-AndIndicator->s6
s6-BlankFlag->s7
s6-NoFlag->s7
s7-GeneralIndicator->s8
s8-EOL->s9
s8-'              '->s10
s9-CS_FIXED->s5
s10-OP_DOU->:s11=>3
, s0-CS_FIXED->s2
s0-OP_ENDDO->:s1=>2
s2-BlankIndicator->s3
s3-BlankFlag->s4
s4-BlankIndicator->s5
s5-'              '->s8
s5-CS_FactorContent->s6
s6-OP_READE->:s7=>1
s8-OP_ENDDO->:s9=>2
, s0-CS_FIXED->s2
s0-OP_DOW->:s9=>1
s0-OP_IF->:s1=>2
s2-BlankIndicator->s3
s2-AndIndicator->s3
s3-BlankFlag->s4
s3-NoFlag->s4
s4-BlankIndicator->s5
s4-GeneralIndicator->s5
s5-EOL->s10
s5-'              '->s6
s6-OP_DOU->:s11=>1
s6-OP_IF->:s7=>2
s6-OP_SELECT->:s8=>3
s10-CS_FIXED->s2
, s0-CS_FIXED->s3
s0-OP_ENDIF->:s2=>2
s0-OP_EXSR->:s12=>1
s0-ID->:s1=>1
s3-BlankIndicator->s4
s4-BlankFlag->s5
s5-BlankIndicator->s6
s6-'              '->s7
s7-OP_ENDIF->:s8=>2
s7-OP_EVAL->:s9=>1
s7-OP_EXSR->:s11=>1
s7-OP_IF->:s10=>1
, , s0-CS_FIXED->s2
s0-OP_ENDIF->:s1=>2
s2-BlankIndicator->s3
s3-BlankFlag->s4
s4-BlankIndicator->s5
s5-'              '->s6
s6-OP_ENDIF->:s7=>2
, , s0-CS_FIXED->s2
s0-OP_ENDIF->:s1=>2
s2-BlankIndicator->s3
s3-BlankFlag->s4
s4-BlankIndicator->s5
s5-'              '->s6
s6-OP_ENDIF->:s7=>2
, , , , , , , , , , , , , , , s0-CS_FIXED->s1
s1-BlankIndicator->s2
s2-BlankFlag->s3
s3-BlankIndicator->s4
s4-'              '->s5
s5-OP_ENDSL->:s7=>2
s5-OP_WHEN->:s6=>1
, s0-CS_FIXED->s1
s1-BlankIndicator->s2
s2-BlankFlag->s3
s3-BlankIndicator->s4
s4-'              '->s5
s5-OP_ENDSL->:s6=>2
, , , , s0-BlankIndicator->s1
s1-BlankFlag->s2
s2-BlankIndicator->s3
s3-'              '->:s4=>2
, , , s0-CS_FIXED->s1
s1-BlankIndicator->s2
s2-BlankFlag->s3
s3-BlankIndicator->s4
s4-'              '->s5
s5-OP_WHEN->:s6=>2
, s0-CS_FIXED->s1
s1-BlankIndicator->s2
s2-BlankFlag->s3
s3-BlankIndicator->s4
s4-'              '->s5
s5-OP_ENDSL->:s7=>2
s5-OP_EVAL->:s6=>1
, s0-BlankIndicator->s1
s1-BlankFlag->s2
s2-BlankIndicator->s3
s3-'              '->:s4=>2
, , , , , , , , s0-BlankIndicator->s1
s1-BlankFlag->s2
s2-BlankIndicator->s3
s3-'              '->:s4=>2
, , , , s0-BlankIndicator->s1
s1-BlankFlag->s2
s2-BlankIndicator->s3
s3-'              '->:s4=>2
, s0-BIF_EOF->:s1=>2
s0-NOT->:s3=>2
s0-'('->s4
s0-ID->:s2=>2
s4-NOT->:s5=>2
, s0-OP_ENDIF->:s2=>2
s0-OP_EXSR->:s3=>2
s0-ID->:s1=>2
, s0-CS_FIXED->s2
s0-OP_IF->:s1=>3
s2-BlankIndicator->s3
s3-BlankFlag->s4
s4-BlankIndicator->s5
s5-'              '->s6
s6-OP_IF->:s7=>2
, s0-BlankIndicator->s1
s0-AndIndicator->s1
s1-BlankFlag->s2
s1-NoFlag->s2
s2-GeneralIndicator->s3
s3-EOL->:s4=>1
s3-'              '->:s5=>2
, , , , s0-OP_ENDDO->:s1=>2
, , , , , , , , , , , , , , , , , , , , , , , , , , , , , , , , , , s0-BlankIndicator->s1
s1-BlankFlag->s2
s2-BlankIndicator->s3
s3-'              '->:s4=>2
, , s0-EOF->:s2=>2
s0-OP_DOW->:s4=>2
s0-OP_IF->:s3=>2
s0-ID->:s1=>2
, , s0-BlankIndicator->s1
s1-BlankFlag->s2
s2-BlankIndicator->s3
s3-'              '->:s4=>2
, , s0-EOF->:s2=>2
s0-DIRECTIVE->:s1=>2
, , , , , , , , , , , , , , , , , , , , s0-BlankIndicator->s1
s0-AndIndicator->s1
s1-BlankFlag->s2
s1-NoFlag->s2
s2-BlankIndicator->s3
s2-GeneralIndicator->s3
s3-SPLAT_LIKE->:s7=>2
s3-EOL->:s5=>1
s3-'              '->:s4=>2
s3-CS_FactorContent->:s6=>2
, s0-OP_EVAL->s1
s0-OP_EXSR->:s151=>1
s0-OP_READE->:s168=>1
s0-OP_RETURN->:s133=>1
s0-OP_DEFINE->:s167=>1
s0-OP_SETON->:s152=>1
s0-OP_TAG->:s166=>1
s1-ID->s2
s2-'='->s3
s2-CONTINUATION->s153
s3-BIF_ABS->s4
s3-BIF_ADDR->s155
s3-BIF_ALLOC->s19
s3-BIF_BITAND->s31
s3-BIF_BITNOT->s46
s3-BIF_BITOR->s54
s3-BIF_BITXOR->s69
s3-BIF_CHAR->s81
s3-BIF_CHECK->s91
s3-BIF_CHECKR->s105
s3-BIF_DIFF->s119
s3-BIF_REPLACE->s134
s3-BIF_SUBDT->s126
s3-'('->s160
s3-NUMBER->s164
s3-StringLiteralStart->s132
s3-ID->s11
s4-'('->s5
s5-ID->s6
s6-'+'->s9
s6-'-'->s9
s6-')'->s7
s7-'/'->s3
s7-C_FREE_NEWLINE->:s8^=>1
s9-NUMBER->s10
s10-'+'->s9
s10-'-'->s9
s10-')'->s7
s11-'+'->s3
s11-'('->s12
s11-C_FREE_NEWLINE->:s131^=>1
s12-BIF_ADDR->s13
s13-'('->s14
s14-ID->s15
s15-')'->s16
s16-')'->s17
s17-C_FREE_NEWLINE->:s18^=>1
s19-'('->s20
s20-BIF_INT->s28
s20-BIF_LEN->s24
s20-NUMBER->s21
s21-'+'->s22
s21-')'->s7
s22-NUMBER->s23
s23-'+'->s22
s23-'-'->s22
s23-')'->s7
s24-'('->s25
s25-ID->s26
s26-')'->s27
s27-'+'->s22
s27-')'->s7
s28-'('->s29
s29-NUMBER->s30
s30-')'->s27
s31-'('->s32
s32-BIF_STR->s40
s32-HexLiteralStart->s36
s32-ID->s33
s33-COLON->s34
s34-HexLiteralStart->s38
s34-ID->s35
s35-')'->s7
s35-COLON->s43
s36-StringContent->s36
s36-StringLiteralEnd->s37
s37-COLON->s34
s38-StringContent->s38
s38-StringLiteralEnd->s39
s39-')'->s7
s40-'('->s41
s41-ID->s42
s42-')'->s37
s43-HexLiteralStart->s44
s44-StringContent->s44
s44-StringLiteralEnd->s45
s45-')'->s7
s46-'('->s47
s47-BIF_STR->s51
s47-HexLiteralStart->s49
s47-ID->s48
s48-')'->s7
s49-StringContent->s49
s49-StringLiteralEnd->s50
s50-')'->s7
s51-'('->s52
s52-ID->s53
s53-')'->s50
s54-'('->s55
s55-BIF_STR->s63
s55-HexLiteralStart->s59
s55-ID->s56
s56-COLON->s57
s57-HexLiteralStart->s61
s57-ID->s58
s58-')'->s7
s58-COLON->s66
s59-StringContent->s59
s59-StringLiteralEnd->s60
s60-COLON->s57
s61-StringContent->s61
s61-StringLiteralEnd->s62
s62-')'->s7
s63-'('->s64
s64-ID->s65
s65-')'->s60
s66-HexLiteralStart->s67
s67-StringContent->s67
s67-StringLiteralEnd->s68
s68-')'->s7
s69-'('->s70
s70-BIF_STR->s78
s70-HexLiteralStart->s74
s70-ID->s71
s71-COLON->s72
s72-HexLiteralStart->s76
s72-ID->s73
s73-')'->s7
s74-StringContent->s74
s74-StringLiteralEnd->s75
s75-COLON->s72
s76-StringContent->s76
s76-StringLiteralEnd->s77
s77-')'->s7
s78-'('->s79
s79-ID->s80
s80-')'->s75
s81-'('->s82
s82-BIF_STR->s88
s82-HexLiteralStart->s84
s82-ID->s83
s83-')'->s7
s83-COLON->s86
s84-StringContent->s84
s84-StringLiteralEnd->s85
s85-')'->s7
s85-COLON->s86
s86-SPLAT_JOBRUN->s87
s86-SPLAT_HMS->s87
s87-')'->s7
s88-'('->s89
s89-ID->s90
s90-')'->s85
s91-'('->s92
s92-BIF_STR->s100
s92-StringLiteralStart->s96
s92-ID->s93
s93-COLON->s94
s94-StringLiteralStart->s98
s94-ID->s95
s95-')'->s7
s95-COLON->s103
s96-StringContent->s96
s96-StringLiteralEnd->s97
s97-COLON->s94
s98-StringContent->s98
s98-StringLiteralEnd->s99
s99-')'->s7
s100-'('->s101
s101-ID->s102
s102-')'->s97
s103-NUMBER->s104
s104-')'->s7
s105-'('->s106
s106-BIF_STR->s114
s106-StringLiteralStart->s110
s106-ID->s107
s107-COLON->s108
s108-StringLiteralStart->s112
s108-ID->s109
s109-')'->s7
s109-COLON->s117
s110-StringContent->s110
s110-StringLiteralEnd->s111
s111-COLON->s108
s112-StringContent->s112
s112-StringLiteralEnd->s113
s113-')'->s7
s114-'('->s115
s115-ID->s116
s116-')'->s111
s117-NUMBER->s118
s118-')'->s7
s119-'('->s120
s120-ID->s121
s121-COLON->s122
s122-ID->s123
s123-COLON->s124
s124-SPLAT_SECONDS->s125
s125-')'->s7
s126-'('->s127
s127-ID->s128
s128-COLON->s129
s129-SPLAT_H->s130
s129-SPLAT_MN->s130
s129-SPLAT_S->s130
s130-')'->s7
s132-StringContent->s132
s132-StringLiteralEnd->s7
s134-'('->s135
s135-StringLiteralStart->s136
s136-StringContent->s136
s136-StringLiteralEnd->s137
s137-COLON->s138
s138-ID->s139
s139-COLON->s140
s140-'+'->s141
s141-BIF_SCAN->s142
s142-'('->s143
s143-StringLiteralStart->s144
s144-StringContent->s144
s144-StringLiteralEnd->s145
s145-COLON->s146
s146-ID->s147
s147-')'->s148
s148-COLON->s149
s149-NUMBER->s150
s150-')'->s7
s153-ID->s154
s154-'='->s3
s155-'('->s156
s156-ID->s157
s157-CONTINUATION->s158
s158-ID->s159
s159-')'->s7
s160-ID->s161
s161-MULT_NOSPACE->s162
s162-ID->s163
s163-')'->s7
s164-C_FREE_NEWLINE->:s165^=>1
, , , , , , , s0-DS_FIXED->s1
s1-CONTINUATION_NAME->s1
s1-NAME->s2
s2-EXTERNAL_DESCRIPTION->s3
s3-DATA_STRUCTURE_TYPE->s4
s4-DEF_TYPE_BLANK->:s5=>1
, s0-DS_FIXED->s1
s1-CONTINUATION_NAME->s6
s1-NAME->s2
s2-EXTERNAL_DESCRIPTION->s3
s3-DATA_STRUCTURE_TYPE->s4
s4-DEF_TYPE_PI->:s5=>1
s6-CONTINUATION_NAME->s6
s6-NAME->s2
, , , , , , s0-CS_FIXED->s1
s0-OP_ENDSR->s9
s0-OP_EVAL->:s17=>1
s0-OP_EXSR->:s16=>1
s0-EXEC_SQL->:s15=>1
s0-ID->:s8=>1
s1-BlankIndicator->s2
s2-BlankFlag->s3
s3-BlankIndicator->s4
s4-'              '->s5
s5-OP_ENDSR->:s7=>2
s5-OP_IF->:s6=>1
s9-FREE_SEMI->s10
s10-DIRECTIVE->s11
s11-DIR_ENDFREE->s12
s12-EOL->s13
s13-EOF->:s14=>2
, s0-DS_FIXED->s2
s0-CS_FIXED->s7
s0-DIRECTIVE->:s1=>1
s2-NAME->s3
s3-EXTERNAL_DESCRIPTION->s4
s4-DATA_STRUCTURE_TYPE->s5
s5-DEF_TYPE_S->:s6=>1
s7-BlankIndicator->s8
s8-BlankFlag->s9
s9-BlankIndicator->s10
s10-'              '->s11
s11-OP_RETURN->:s12=>1
, , , s0-BlankIndicator->s1
s1-BlankFlag->s2
s2-BlankIndicator->s3
s3-CS_FactorContent->:s4=>2
, s0-EXEC_SQL->:s2=>2
s0-ID->:s1=>2
, s0-BlankIndicator->s1
s1-BlankFlag->s2
s2-BlankIndicator->s3
s3-'              '->:s4=>2
, , s0-DIRECTIVE->:s1=>2
, , , , , , , , , , , , , , , , , , , , , , , , s0-SPLAT_INDICATOR->:s1=>2
, , , , , s0-ID->:s1=>2
, , , , , , , , , , , , , , , , , , , , , , , , , , , , , , , , , , , , , s0-ID->:s1=>2
, , , , , , , , , , , , , , s0-ID->:s1=>2
, , , , , , , , , , , , , , , , , , , , , , , , , , , , , , , , , , , , , , , , , , , , , , , , , s0-OP_EVAL->s11
s0-OP_EXSR->s9
s0-ID->s1
s1-'('->s3
s1-'='->:s2=>11
s3-ID->s4
s4-COLON->s5
s5-ID->s6
s6-')'->s7
s6-COLON->s5
s7-FREE_SEMI->:s8=>2
s9-ID->:s10=>16
s11-ID->:s12=>11
, , , s0-ID->:s1=>2
, , , , , , , , , , , , , , s0-NOT->:s1=>2
, , , , , , , , s0-ID->:s1=>2
, s0-OP_EVAL->s2
s0-ID->:s1=>2
s2-ID->:s3=>1
, , , , , , , , , , , s0-BIF_ADDR->:s1=>2
s0-KEYWORD_POS->:s2=>2
s0-NOT->:s3=>2
s0-ID->:s2=>2
, , , , , , , , , , , , , , , , , , , , , , , , , , , , , , , , , , , , , , , , , , , , , , , , , , , , , , , , , , , , , , , , , , , , , s0-'('->s2
s0-C_FREE_NEWLINE->:s1=>2
s2-')'->:s3=>1
s2-ID->s4
s4-')'->s5
s5-C_FREE_NEWLINE->:s6=>1
, , , , , , , , , , , , , , , , , , , , , , , , , , , , , , , s0-EOF->:s5=>2
s0-DIRECTIVE->:s2=>2
s0-OP_ENDIF->:s4=>2
s0-OP_ENDSR->:s6=>2
s0-OP_IF->:s3=>2
s0-EXEC_SQL->:s7=>2
s0-ID->:s1=>2
, , , , , s0-OP_EVAL->s178
s0-OP_EXSR->s176
s0-ID->s1
s1-'('->s158
s1-'='->s2
s2-BIF_ABS->s3
s2-BIF_ADDR->s12
s2-BIF_ALLOC->s25
s2-BIF_BITAND->s37
s2-BIF_BITNOT->s55
s2-BIF_BITOR->s65
s2-BIF_BITXOR->s83
s2-BIF_CHAR->s97
s2-BIF_CHECK->s110
s2-BIF_CHECKR->s127
s2-BIF_DIFF->s144
s2-BIF_SCAN->s164
s2-BIF_SUBDT->s152
s2-ID->:s175^=>1
s3-'('->s4
s4-ID->s5
s5-'+'->s7
s5-'-'->s7
s5-MULT_NOSPACE->s7
s5-')'->:s6^=>1
s7-NUMBER->s10
s7-ID->s8
s8-')'->:s9^=>1
s10-'+'->s7
s10-')'->:s11^=>1
s12-'('->s13
s13-ID->s14
s14-'('->s16
s14-')'->:s15^=>1
s14-COLON->s22
s16-ID->s17
s17-'+'->s18
s18-NUMBER->s19
s19-')'->s20
s20-')'->:s21^=>1
s22-SPLAT_DATA->s23
s23-')'->:s24^=>1
s25-'('->s26
s26-BIF_LEN->s32
s26-NUMBER->s27
s27-'+'->s29
s27-')'->:s28^=>1
s29-NUMBER->s30
s30-')'->:s31^=>1
s32-'('->s33
s33-ID->s34
s34-')'->s35
s35-MULT_NOSPACE->s29
s35-')'->:s36^=>1
s37-'('->s38
s38-BIF_STR->s48
s38-HexLiteralStart->s43
s38-ID->s39
s39-COLON->s40
s40-HexLiteralStart->s45
s40-ID->s41
s41-')'->:s42^=>1
s41-COLON->s51
s43-StringContent->s43
s43-StringLiteralEnd->s44
s44-COLON->s40
s45-StringContent->s45
s45-StringLiteralEnd->s46
s46-')'->:s47^=>1
s48-'('->s49
s49-ID->s50
s50-')'->s44
s51-HexLiteralStart->s52
s52-StringContent->s52
s52-StringLiteralEnd->s53
s53-')'->:s54^=>1
s55-'('->s56
s56-BIF_STR->s62
s56-HexLiteralStart->s59
s56-ID->s57
s57-')'->:s58^=>1
s59-StringContent->s59
s59-StringLiteralEnd->s60
s60-')'->:s61^=>1
s62-'('->s63
s63-ID->s64
s64-')'->s60
s65-'('->s66
s66-BIF_STR->s76
s66-HexLiteralStart->s71
s66-ID->s67
s67-COLON->s68
s68-HexLiteralStart->s73
s68-ID->s69
s69-')'->:s70^=>1
s69-COLON->s79
s71-StringContent->s71
s71-StringLiteralEnd->s72
s72-COLON->s68
s73-StringContent->s73
s73-StringLiteralEnd->s74
s74-')'->:s75^=>1
s76-'('->s77
s77-ID->s78
s78-')'->s72
s79-HexLiteralStart->s80
s80-StringContent->s80
s80-StringLiteralEnd->s81
s81-')'->:s82^=>1
s83-'('->s84
s84-BIF_STR->s94
s84-HexLiteralStart->s89
s84-ID->s85
s85-COLON->s86
s86-HexLiteralStart->s91
s86-ID->s87
s87-')'->:s88^=>1
s89-StringContent->s89
s89-StringLiteralEnd->s90
s90-COLON->s86
s91-StringContent->s91
s91-StringLiteralEnd->s92
s92-')'->:s93^=>1
s94-'('->s95
s95-ID->s96
s96-')'->s90
s97-'('->s98
s98-BIF_STR->s107
s98-HexLiteralStart->s101
s98-ID->s99
s99-')'->:s100^=>1
s99-COLON->s104
s101-StringContent->s101
s101-StringLiteralEnd->s102
s102-')'->:s103^=>1
s102-COLON->s104
s104-SPLAT_JOBRUN->s105
s104-SPLAT_HMS->s105
s105-')'->:s106^=>1
s107-'('->s108
s108-ID->s109
s109-')'->s102
s110-'('->s111
s111-BIF_STR->s121
s111-StringLiteralStart->s116
s111-ID->s112
s112-COLON->s113
s113-StringLiteralStart->s118
s113-ID->s114
s114-')'->:s115^=>1
s114-COLON->s124
s116-StringContent->s116
s116-StringLiteralEnd->s117
s117-COLON->s113
s118-StringContent->s118
s118-StringLiteralEnd->s119
s119-')'->:s120^=>1
s121-'('->s122
s122-ID->s123
s123-')'->s117
s124-NUMBER->s125
s125-')'->:s126^=>1
s127-'('->s128
s128-BIF_STR->s138
s128-StringLiteralStart->s133
s128-ID->s129
s129-COLON->s130
s130-StringLiteralStart->s135
s130-ID->s131
s131-')'->:s132^=>1
s131-COLON->s141
s133-StringContent->s133
s133-StringLiteralEnd->s134
s134-COLON->s130
s135-StringContent->s135
s135-StringLiteralEnd->s136
s136-')'->:s137^=>1
s138-'('->s139
s139-ID->s140
s140-')'->s134
s141-NUMBER->s142
s142-')'->:s143^=>1
s144-'('->s145
s145-ID->s146
s146-COLON->s147
s147-ID->s148
s148-COLON->s149
s149-SPLAT_SECONDS->s150
s150-')'->:s151^=>1
s152-'('->s153
s153-ID->s154
s154-COLON->s155
s155-SPLAT_H->s156
s155-SPLAT_MN->s156
s155-SPLAT_S->s156
s156-')'->:s157^=>1
s158-ID->s159
s159-COLON->s160
s160-ID->s161
s161-')'->s162
s161-COLON->s160
s162-FREE_SEMI->:s163^=>1
s164-'('->s165
s165-StringLiteralStart->s166
s166-StringContent->s166
s166-StringLiteralEnd->s167
s167-COLON->s168
s168-ID->s169
s169-COLON->s170
s170-KEYWORD_POS->s171
s171-'+'->s172
s172-NUMBER->s173
s173-')'->:s174^=>1
s176-ID->:s177=>1
s178-ID->:s179=>1
, s0-ID->s1
s1-'='->:s2=>1
, s0-BIF_ADDR->:s3=>2
s0-BIF_BITNOT->:s4=>2
s0-SPLAT_ALL->:s7=>3
s0-SPLAT_MDY->:s7=>3
s0-SPLAT_YMD->:s7=>3
s0-SPLAT_JUL->:s7=>3
s0-SPLAT_ISO->:s7=>3
s0-SPLAT_EXTDFT->:s7=>3
s0-SPLAT_INDICATOR->:s7=>3
s0-SPLAT_IN->:s7=>3
s0-SPLAT_JOB->:s7=>3
s0-SPLAT_NULL->:s7=>3
s0-SPLAT_SYS->:s7=>3
s0-SPLAT_USER->:s7=>3
s0-SPLAT_EXTDESC->:s7=>3
s0-SPLAT_CONSTRUCTOR->:s7=>3
s0-SPLAT_LIKEDS->:s7=>3
s0-NUMBER->:s6=>4
s0-StringLiteralStart->:s8=>5
s0-ID->s1
s1-')'->:s5=>3
s1-'.'->:s12=>3
s1-'='->:s2=>3
s1-COLON->:s11=>3
s1-CONTINUATION->s9
s9-ID->s10
s10-')'->:s5=>3
, s0-BIF_ABS->:s3=>9
s0-BIF_ADDR->:s16=>9
s0-BIF_ALLOC->:s22=>9
s0-BIF_BITAND->:s25=>9
s0-BIF_BITNOT->:s28=>9
s0-BIF_BITOR->:s29=>9
s0-BIF_BITXOR->:s30=>9
s0-BIF_CHAR->:s31=>9
s0-BIF_CHECK->:s32=>9
s0-BIF_CHECKR->:s33=>9
s0-BIF_DIFF->:s34=>9
s0-BIF_EOF->:s35=>9
s0-BIF_INT->:s24=>9
s0-BIF_LEN->:s23=>9
s0-BIF_REPLACE->:s55=>9
s0-BIF_SCAN->:s48=>9
s0-BIF_STR->:s27=>9
s0-BIF_SUBDT->:s36=>9
s0-SPLAT_BLANKS->:s53=>6
s0-SPLAT_MDY->:s53=>6
s0-SPLAT_YMD->:s53=>6
s0-SPLAT_JAVA->:s53=>6
s0-SPLAT_ISO->:s53=>6
s0-SPLAT_USA->:s53=>6
s0-SPLAT_INDICATOR->:s53=>6
s0-SPLAT_ON->:s53=>6
s0-SPLAT_OFF->:s53=>6
s0-SPLAT_ZEROS->:s53=>6
s0-SPLAT_INLR->:s53=>6
s0-SPLAT_PROC->:s53=>6
s0-KEYWORD_POS->s1
s0-NOT->s39
s0-'+'->:s56=>3
s0-'('->:s42=>2
s0-NUMBER->:s6=>7
s0-HexLiteralStart->:s26=>8
s0-StringLiteralStart->:s26=>8
s0-ID->s1
s1-AND->:s47=>6
s1-'+'->:s7=>6
s1-'-'->:s5=>6
s1-MULT_NOSPACE->:s8=>6
s1-MULT->:s59=>6
s1-'>'->:s37=>6
s1-'<='->:s37=>6
s1-'<>'->:s37=>6
s1-'('->s9
s1-')'->:s4=>6
s1-'.'->:s64=>6
s1-'='->:s2=>6
s1-COLON->:s21=>6
s1-C_FREE_NEWLINE->:s38=>6
s1-FREE_SEMI->:s60=>6
s1-CONTINUATION->s57
s9-BIF_ADDR->s10
s9-ID->s17
s10-'('->s11
s11-ID->s12
s12-')'->s13
s13-')'->s14
s14-')'->:s20^=>5
s14-C_FREE_NEWLINE->:s15^=>5
s14-FREE_SEMI->:s65^=>5
s17-'+'->s18
s17-')'->s14
s17-'.'->s61
s17-COLON->:s63=>5
s18-NUMBER->s19
s19-')'->s14
s39-SPLAT_INDICATOR->s49
s39-SPLAT_INLR->s49
s39-ID->s40
s40-AND->s43
s40-C_FREE_NEWLINE->:s41=>1
s43-NOT->s50
s43-ID->s44
s44-'<>'->s43
s44-')'->s45
s45-OR->:s46^=>1
s49-AND->s43
s49-FREE_SEMI->:s54^=>1
s50-SPLAT_INDICATOR->s51
s51-FREE_SEMI->:s52^=>1
s57-ID->s58
s58-')'->:s4=>6
s58-'='->:s2=>6
s58-CONTINUATION->s57
s61-ID->s62
s62-COLON->:s63=>5
, , s0-AND->:s5=>[({9>=prec}?, 8)]
s0-OR->:s7=>[({8>=prec}?, 9)]
s0-'+'->:s3=>[({12>=prec}?, 5)]
s0-'-'->:s2=>[({11>=prec}?, 6)]
s0-MULT_NOSPACE->:s4=>[({14>=prec}?, 3)]
s0-MULT->:s4=>[({14>=prec}?, 3)]
s0-'/'->:s8=>[({13>=prec}?, 4)]
s0-'>'->:s6=>[({16>=prec}?, 1)]
s0-'>='->:s6=>[({16>=prec}?, 1)]
s0-'<='->:s6=>[({16>=prec}?, 1)]
s0-'<>'->:s6=>[({16>=prec}?, 1)]
s0-'='->:s1^=>[({16>=prec}?, 1), ({10>=prec}?, 7)]
, s0-AND->:s172^=>1
s0-OR->:s175^=>1
s0-'+'->s15
s0-'-'->s12
s0-MULT_NOSPACE->:s21^=>1
s0-MULT->:s216^=>1
s0-'/'->:s211^=>1
s0-'>'->:s181^=>1
s0-'>='->:s177^=>1
s0-')'->:s6=>2
s0-'='->s1
s0-COLON->:s28=>2
s0-C_FREE_NEWLINE->:s8=>2
s0-FREE_SEMI->:s19=>2
s1-BIF_ABS->s2
s1-BIF_ADDR->s24
s1-BIF_ALLOC->s33
s1-BIF_BITAND->s48
s1-BIF_BITNOT->s66
s1-BIF_BITOR->s76
s1-BIF_BITXOR->s94
s1-BIF_CHAR->s108
s1-BIF_CHECK->s121
s1-BIF_CHECKR->s138
s1-BIF_DIFF->s155
s1-BIF_REPLACE->s182
s1-BIF_SUBDT->s163
s1-SPLAT_ON->:s200^=>1
s1-SPLAT_OFF->:s201^=>1
s1-SPLAT_ZEROS->:s217^=>1
s1-'('->s205
s1-NUMBER->:s180^=>1
s1-StringLiteralStart->s169
s1-ID->:s23^=>1
s2-'('->s3
s3-ID->s4
s4-'+'->s9
s4-'-'->s9
s4-')'->:s5^=>1
s7-AND->:s171=>2
s7-OR->:s218=>2
s7-'+'->:s213=>2
s7-'/'->:s210=>2
s7-')'->:s6=>2
s7-C_FREE_NEWLINE->:s8=>2
s7-FREE_SEMI->:s19=>2
s9-NUMBER->s10
s10-'+'->s9
s10-'-'->s9
s10-')'->:s11^=>1
s12-BIF_ADDR->s29
s12-NUMBER->:s13^=>1
s12-ID->:s176^=>1
s14-'+'->s15
s14-')'->:s6=>2
s14-FREE_SEMI->:s19=>2
s15-NUMBER->:s16^=>1
s15-StringLiteralStart->s214
s15-ID->:s20^=>1
s17-'-'->:s18=>2
s17-')'->:s6=>2
s17-C_FREE_NEWLINE->:s8=>2
s17-FREE_SEMI->:s19=>2
s22-'+'->:s213=>2
s22-')'->:s6=>2
s24-'('->s25
s25-ID->s26
s26-')'->:s27^=>1
s26-CONTINUATION->s202
s29-'('->s30
s30-ID->s31
s31-')'->:s32^=>1
s33-'('->s34
s34-BIF_INT->s45
s34-BIF_LEN->s40
s34-NUMBER->s35
s35-'+'->s37
s35-')'->:s36^=>1
s37-NUMBER->s38
s38-'+'->s37
s38-'-'->s37
s38-')'->:s39^=>1
s40-'('->s41
s41-ID->s42
s42-')'->s43
s43-'+'->s37
s43-')'->:s44^=>1
s45-'('->s46
s46-NUMBER->s47
s47-')'->s43
s48-'('->s49
s49-BIF_STR->s59
s49-HexLiteralStart->s54
s49-ID->s50
s50-COLON->s51
s51-HexLiteralStart->s56
s51-ID->s52
s52-')'->:s53^=>1
s52-COLON->s62
s54-StringContent->s54
s54-StringLiteralEnd->s55
s55-COLON->s51
s56-StringContent->s56
s56-StringLiteralEnd->s57
s57-')'->:s58^=>1
s59-'('->s60
s60-ID->s61
s61-')'->s55
s62-HexLiteralStart->s63
s63-StringContent->s63
s63-StringLiteralEnd->s64
s64-')'->:s65^=>1
s66-'('->s67
s67-BIF_STR->s73
s67-HexLiteralStart->s70
s67-ID->s68
s68-')'->:s69^=>1
s70-StringContent->s70
s70-StringLiteralEnd->s71
s71-')'->:s72^=>1
s73-'('->s74
s74-ID->s75
s75-')'->s71
s76-'('->s77
s77-BIF_STR->s87
s77-HexLiteralStart->s82
s77-ID->s78
s78-COLON->s79
s79-HexLiteralStart->s84
s79-ID->s80
s80-')'->:s81^=>1
s80-COLON->s90
s82-StringContent->s82
s82-StringLiteralEnd->s83
s83-COLON->s79
s84-StringContent->s84
s84-StringLiteralEnd->s85
s85-')'->:s86^=>1
s87-'('->s88
s88-ID->s89
s89-')'->s83
s90-HexLiteralStart->s91
s91-StringContent->s91
s91-StringLiteralEnd->s92
s92-')'->:s93^=>1
s94-'('->s95
s95-BIF_STR->s105
s95-HexLiteralStart->s100
s95-ID->s96
s96-COLON->s97
s97-HexLiteralStart->s102
s97-ID->s98
s98-')'->:s99^=>1
s100-StringContent->s100
s100-StringLiteralEnd->s101
s101-COLON->s97
s102-StringContent->s102
s102-StringLiteralEnd->s103
s103-')'->:s104^=>1
s105-'('->s106
s106-ID->s107
s107-')'->s101
s108-'('->s109
s109-BIF_STR->s118
s109-HexLiteralStart->s112
s109-ID->s110
s110-')'->:s111^=>1
s110-COLON->s115
s112-StringContent->s112
s112-StringLiteralEnd->s113
s113-')'->:s114^=>1
s113-COLON->s115
s115-SPLAT_JOBRUN->s116
s115-SPLAT_HMS->s116
s116-')'->:s117^=>1
s118-'('->s119
s119-ID->s120
s120-')'->s113
s121-'('->s122
s122-BIF_STR->s132
s122-StringLiteralStart->s127
s122-ID->s123
s123-COLON->s124
s124-StringLiteralStart->s129
s124-ID->s125
s125-')'->:s126^=>1
s125-COLON->s135
s127-StringContent->s127
s127-StringLiteralEnd->s128
s128-COLON->s124
s129-StringContent->s129
s129-StringLiteralEnd->s130
s130-')'->:s131^=>1
s132-'('->s133
s133-ID->s134
s134-')'->s128
s135-NUMBER->s136
s136-')'->:s137^=>1
s138-'('->s139
s139-BIF_STR->s149
s139-StringLiteralStart->s144
s139-ID->s140
s140-COLON->s141
s141-StringLiteralStart->s146
s141-ID->s142
s142-')'->:s143^=>1
s142-COLON->s152
s144-StringContent->s144
s144-StringLiteralEnd->s145
s145-COLON->s141
s146-StringContent->s146
s146-StringLiteralEnd->s147
s147-')'->:s148^=>1
s149-'('->s150
s150-ID->s151
s151-')'->s145
s152-NUMBER->s153
s153-')'->:s154^=>1
s155-'('->s156
s156-ID->s157
s157-COLON->s158
s158-ID->s159
s159-COLON->s160
s160-SPLAT_SECONDS->s161
s161-')'->:s162^=>1
s163-'('->s164
s164-ID->s165
s165-COLON->s166
s166-SPLAT_H->s167
s166-SPLAT_MN->s167
s166-SPLAT_S->s167
s167-')'->:s168^=>1
s169-StringContent->s169
s169-StringLiteralEnd->:s170^=>1
s173-AND->:s171=>2
s173-OR->:s218=>2
s173-'<='->:s178^=>1
s173-'<>'->:s174^=>1
s173-')'->:s6=>2
s173-'='->s1
s173-C_FREE_NEWLINE->:s8=>2
s173-FREE_SEMI->:s19=>2
s179-C_FREE_NEWLINE->:s8=>2
s179-FREE_SEMI->:s19=>2
s182-'('->s183
s183-StringLiteralStart->s184
s184-StringContent->s184
s184-StringLiteralEnd->s185
s185-COLON->s186
s186-ID->s187
s187-COLON->s188
s188-'+'->s189
s189-BIF_SCAN->s190
s190-'('->s191
s191-StringLiteralStart->s192
s192-StringContent->s192
s192-StringLiteralEnd->s193
s193-COLON->s194
s194-ID->s195
s195-')'->s196
s196-COLON->s197
s197-NUMBER->s198
s198-')'->:s199^=>1
s202-ID->s203
s203-')'->:s204^=>1
s205-ID->s206
s206-MULT_NOSPACE->s207
s207-ID->s208
s208-')'->:s209^=>1
s212-'+'->:s213=>2
s214-StringContent->s214
s214-StringLiteralEnd->:s215^=>1
, , , , s0-SPLAT_ALL->:s17=>3
s0-SPLAT_BLANKS->:s17=>3
s0-SPLAT_MDY->:s17=>3
s0-SPLAT_YMD->:s17=>3
s0-SPLAT_JUL->:s17=>3
s0-SPLAT_JAVA->:s17=>3
s0-SPLAT_ISO->:s17=>3
s0-SPLAT_USA->:s17=>3
s0-SPLAT_EXTDFT->:s17=>3
s0-SPLAT_INDICATOR->:s17=>3
s0-SPLAT_IN->:s17=>3
s0-SPLAT_JOB->:s17=>3
s0-SPLAT_NULL->:s17=>3
s0-SPLAT_ON->:s17=>3
s0-SPLAT_OFF->:s17=>3
s0-SPLAT_SYS->:s17=>3
s0-SPLAT_USER->:s17=>3
s0-SPLAT_ZEROS->:s17=>3
s0-SPLAT_INLR->:s17=>3
s0-SPLAT_EXTDESC->:s17=>3
s0-SPLAT_STRING->:s17=>3
s0-SPLAT_CONSTRUCTOR->:s17=>3
s0-SPLAT_LIKEDS->:s17=>3
s0-SPLAT_NOPASS->:s17=>3
s0-SPLAT_PROC->:s17=>3
s0-SPLAT_STATUS->:s17=>3
s0-DATE_->s1
s0-KEYWORD_POS->s1
s0-KEYWORD_VALUE->s1
s0-KEYWORD_PGMNAME->s1
s0-MULT_NOSPACE->s31
s0-ID->s1
s1-SPLAT_PROC->:s38^=>1
s1-SPLAT_STATUS->:s39^=>1
s1-CHAR->:s13^=>1
s1-VARCHAR->:s29^=>1
s1-UCS2->:s41^=>1
s1-DATE_->:s51^=>1
s1-VARUCS2->:s42^=>1
s1-GRAPH->:s43^=>1
s1-VARGRAPH->:s44^=>1
s1-IND->:s55^=>1
s1-PACKED->:s28^=>1
s1-ZONED->:s56^=>1
s1-BINDEC->:s45^=>1
s1-INT->:s30^=>1
s1-UNS->:s46^=>1
s1-FLOAT->:s47^=>1
s1-TIME->:s52^=>1
s1-TIMESTAMP->:s53^=>1
s1-POINTER->:s49^=>1
s1-OBJECT->:s54^=>1
s1-KEYWORD_CONST->:s26^=>1
s1-KEYWORD_EXT->:s36^=>1
s1-KEYWORD_EXTPGM->:s48^=>1
s1-KEYWORD_LEN->:s35^=>1
s1-KEYWORD_LIKE->:s40^=>1
s1-KEYWORD_LIKEREC->:s34^=>1
s1-KEYWORD_PSDS->:s37^=>1
s1-AND->:s10^=>1
s1-'+'->:s5^=>1
s1-'-'->:s4^=>1
s1-MULT_NOSPACE->:s6^=>1
s1-MULT->:s23^=>1
s1-'>'->:s18^=>1
s1-'<='->:s11^=>1
s1-'<>'->:s8^=>1
s1-'('->s14
s1-')'->:s3^=>1
s1-'.'->s24
s1-'='->:s2^=>1
s1-COLON->:s7^=>1
s1-StringLiteralStart->:s27^=>1
s1-C_FREE_NEWLINE->:s9^=>1
s1-FREE_SEMI->:s12^=>1
s1-CONTINUATION->s19
s14-ID->s15
s15-COLON->:s16^=>1
s19-ID->s20
s20-')'->:s21^=>1
s20-'='->:s22^=>1
s20-CONTINUATION->s19
s24-ID->:s25=>2
s31-ID->s32
s32-POINTER->:s50^=>1
s32-FREE_SEMI->:s33^=>1
, s0-AND->:s2=>2
s0-OR->:s6=>2
s0-')'->:s1=>2
s0-'='->:s4=>2
s0-COLON->:s7=>2
s0-StringLiteralStart->s8
s0-C_FREE_NEWLINE->:s5=>2
s0-FREE_SEMI->:s3=>2
s8-StringContent->s8
s8-StringLiteralEnd->s9
s9-')'->s10
s10-FREE_SEMI->:s12^=>1
s10-EOL->:s11^=>1
, s0-ID->s1
s1-'.'->:s2=>1
, s0-ID->s1
s1-')'->:s3=>1
s1-COLON->:s2=>1
, s0-')'->:s4=>2
s0-'.'->s1
s0-COLON->:s3=>2
s1-ID->:s2=>1
, , , s0-AND->:s4=>2
s0-'+'->:s3=>2
s0-'-'->:s2=>2
s0-')'->:s1=>2
s0-COLON->:s9=>2
s0-C_FREE_NEWLINE->:s6=>2
s0-FREE_SEMI->:s5=>2
s0-NumberPart->:s7=>1
s0-EOL->:s8=>2
, , s0-DATE_->s1
s0-KEYWORD_POS->s1
s0-KEYWORD_VALUE->s1
s0-KEYWORD_PGMNAME->s1
s0-MULT_NOSPACE->:s19=>2
s0-ID->s1
s1-SPLAT_PROC->:s24=>2
s1-SPLAT_STATUS->:s24=>2
s1-CHAR->:s13=>2
s1-VARCHAR->:s13=>2
s1-UCS2->:s13=>2
s1-DATE_->:s13=>2
s1-VARUCS2->:s13=>2
s1-GRAPH->:s13=>2
s1-VARGRAPH->:s13=>2
s1-IND->:s13=>2
s1-PACKED->:s13=>2
s1-ZONED->:s13=>2
s1-BINDEC->:s13=>2
s1-INT->:s13=>2
s1-UNS->:s13=>2
s1-FLOAT->:s13=>2
s1-TIME->:s13=>2
s1-TIMESTAMP->:s13=>2
s1-POINTER->:s13=>2
s1-OBJECT->:s13=>2
s1-KEYWORD_CONST->:s17=>2
s1-KEYWORD_EXT->:s22=>2
s1-KEYWORD_EXTPGM->:s26=>2
s1-KEYWORD_LEN->:s21=>2
s1-KEYWORD_LIKE->:s25=>2
s1-KEYWORD_LIKEREC->:s20=>2
s1-KEYWORD_PSDS->:s23=>2
s1-AND->:s11=>2
s1-'+'->:s5=>2
s1-'-'->:s4=>2
s1-MULT_NOSPACE->:s6=>2
s1-MULT->:s15=>2
s1-'>'->:s9=>2
s1-'<='->:s9=>2
s1-'<>'->:s9=>2
s1-'('->:s7=>2
s1-')'->:s3=>2
s1-'.'->:s16=>2
s1-'='->:s2=>2
s1-COLON->:s8=>2
s1-StringLiteralStart->:s18=>2
s1-C_FREE_NEWLINE->:s10=>2
s1-FREE_SEMI->:s12=>2
s1-CONTINUATION->:s14=>1
, s0-ID->s1
s1-')'->:s2=>2
s1-'='->:s4=>2
s1-CONTINUATION->:s3=>1
, ]]>
[INFO] 
[ERROR] Tests run: 400, Failures: 1, Errors: 0, Skipped: 1
[INFO] 
[INFO] ------------------------------------------------------------------------
[INFO] BUILD FAILURE
[INFO] ------------------------------------------------------------------------
[INFO] Total time:  12.862 s
[INFO] Finished at: 2021-04-20T20:26:46-04:00
[INFO] ------------------------------------------------------------------------
[ERROR] Failed to execute goal org.apache.maven.plugins:maven-surefire-plugin:2.20:test (default-test) on project rpgleparser: There are test failures.
[ERROR] 
[ERROR] Please refer to C:\projects\rpgleparser\target\surefire-reports for the individual test results.
[ERROR] Please refer to dump files (if any exist) [date]-jvmRun[N].dump, [date].dumpstream and [date]-jvmRun[N].dumpstream.
[ERROR] -> [Help 1]
[ERROR] 
[ERROR] To see the full stack trace of the errors, re-run Maven with the -e switch.
[ERROR] Re-run Maven using the -X switch to enable full debug logging.
[ERROR] 
[ERROR] For more information about the errors and possible solutions, please read the following articles:
[ERROR] [Help 1] http://cwiki.apache.org/confluence/display/MAVEN/MojoFailureException
